=================================================================
  Stage 0 (BASELINE) Execution Pipeline
  Architecture-Aware PDDL Configurator
=================================================================

[INFO] Work queue: 75 domain x instance pairs
[INFO] Planners: ['lama', 'madagascar', 'bfws', 'decstar']
[INFO] Total runs: 300

[INFO] CSV output: /Users/danielehab/My Drive/ArchAware-PDDL-Configurator/results/planner_execution_data.csv

[INFO] Heartbeat started (every 60s) -> /Users/danielehab/My Drive/ArchAware-PDDL-Configurator/logs/stage0/pipeline_heartbeat.log
[INFO] Terminal output logged to: /Users/danielehab/My Drive/ArchAware-PDDL-Configurator/logs/stage0/terminal_output/run_20260429_134432.log

[INFO] Docker images assumed to be built and ready [OK]

-----------------------------------------------------------------
  Starting parallel execution (4 planner threads)
-----------------------------------------------------------------

  [RUN]  lama | visitall/instance-01.pddl ...  [RUN]  madagascar | visitall/instance-01.pddl ...
  [RUN]  decstar | visitall/instance-01.pddl ...
  [RUN]  bfws | visitall/instance-01.pddl ...

  [SUCCESS] bfws | visitall/instance-01.pddl | wall=2.1s cost=919
  [RUN]  bfws | visitall/instance-02.pddl ...
  [SUCCESS] bfws | visitall/instance-02.pddl | wall=1.7s cost=1028
  [RUN]  bfws | visitall/instance-03.pddl ...
  [SUCCESS] lama | visitall/instance-01.pddl | wall=4.7s cost=1130
  [RUN]  lama | visitall/instance-02.pddl ...
  [SUCCESS] bfws | visitall/instance-03.pddl | wall=1.9s cost=1043
  [RUN]  bfws | visitall/instance-04.pddl ...
  [SUCCESS] bfws | visitall/instance-04.pddl | wall=1.9s cost=1110
  [RUN]  bfws | visitall/instance-07.pddl ...
  [SUCCESS] lama | visitall/instance-02.pddl | wall=4.6s cost=1326
  [RUN]  lama | visitall/instance-03.pddl ...
  [SUCCESS] lama | visitall/instance-03.pddl | wall=5.0s cost=1318
  [RUN]  lama | visitall/instance-04.pddl ...
  [SUCCESS] bfws | visitall/instance-07.pddl | wall=11.3s cost=2743
  [RUN]  bfws | visitall/instance-08.pddl ...
  [SUCCESS] lama | visitall/instance-04.pddl | wall=5.9s cost=1573
  [RUN]  lama | visitall/instance-07.pddl ...
  [SUCCESS] bfws | visitall/instance-08.pddl | wall=12.0s cost=2850
  [RUN]  bfws | visitall/instance-09.pddl ...
  [SUCCESS] bfws | visitall/instance-09.pddl | wall=12.4s cost=2959
  [RUN]  bfws | visitall/instance-11.pddl ...
  [SUCCESS] lama | visitall/instance-07.pddl | wall=32.2s cost=3494
  [RUN]  lama | visitall/instance-08.pddl ...
  [SUCCESS] bfws | visitall/instance-11.pddl | wall=19.8s cost=3179
  [RUN]  bfws | visitall/instance-12.pddl ...
  [SUCCESS] bfws | visitall/instance-12.pddl | wall=18.8s cost=3294
  [RUN]  bfws | visitall/instance-13.pddl ...
  [SUCCESS] lama | visitall/instance-08.pddl | wall=35.6s cost=3828
  [RUN]  lama | visitall/instance-09.pddl ...
  [SUCCESS] bfws | visitall/instance-13.pddl | wall=22.2s cost=3411
  [RUN]  bfws | visitall/instance-14.pddl ...
  [SUCCESS] lama | visitall/instance-09.pddl | wall=39.3s cost=3769
  [RUN]  lama | visitall/instance-11.pddl ...
  [SUCCESS] bfws | visitall/instance-14.pddl | wall=31.0s cost=3632
  [RUN]  bfws | visitall/instance-16.pddl ...
  [SUCCESS] bfws | visitall/instance-16.pddl | wall=24.5s cost=3770
  [RUN]  bfws | visitall/instance-17.pddl ...
  [SUCCESS] lama | visitall/instance-11.pddl | wall=44.2s cost=4062
  [RUN]  lama | visitall/instance-12.pddl ...
  [SUCCESS] bfws | visitall/instance-17.pddl | wall=30.4s cost=3895
  [RUN]  bfws | visitall/instance-18.pddl ...
  [SUCCESS] lama | visitall/instance-12.pddl | wall=46.9s cost=4449
  [RUN]  lama | visitall/instance-13.pddl ...
  [SUCCESS] bfws | visitall/instance-18.pddl | wall=40.9s cost=4132
  [RUN]  bfws | visitall/instance-19.pddl ...
  [SUCCESS] bfws | visitall/instance-19.pddl | wall=32.6s cost=4147
  [RUN]  bfws | snake/instance-01.pddl ...
  [SUCCESS] bfws | snake/instance-01.pddl | wall=3.5s cost=47
  [RUN]  bfws | snake/instance-02.pddl ...
  [SUCCESS] lama | visitall/instance-13.pddl | wall=50.4s cost=4304
  [RUN]  lama | visitall/instance-14.pddl ...
  [SUCCESS] bfws | snake/instance-02.pddl | wall=36.9s cost=86
  [RUN]  bfws | snake/instance-03.pddl ...
  [SUCCESS] lama | visitall/instance-14.pddl | wall=54.9s cost=4421
  [RUN]  lama | visitall/instance-16.pddl ...
  [SUCCESS] bfws | snake/instance-03.pddl | wall=50.7s cost=89
  [RUN]  bfws | snake/instance-04.pddl ...
  [TIMEOUT] decstar | visitall/instance-01.pddl | wall=360.0s cost=N/A
  [RUN]  decstar | visitall/instance-02.pddl ...
  [TIMEOUT] madagascar | visitall/instance-01.pddl | wall=360.0s cost=N/A
  [RUN]  madagascar | visitall/instance-02.pddl ...
  [SUCCESS] lama | visitall/instance-16.pddl | wall=71.6s cost=4809
  [RUN]  lama | visitall/instance-17.pddl ...
  [SUCCESS] bfws | snake/instance-04.pddl | wall=85.3s cost=133
  [RUN]  bfws | snake/instance-07.pddl ...
  [SUCCESS] lama | visitall/instance-17.pddl | wall=82.9s cost=5039
  [RUN]  lama | visitall/instance-18.pddl ...
  [SUCCESS] lama | visitall/instance-18.pddl | wall=84.3s cost=5057
  [RUN]  lama | visitall/instance-19.pddl ...
  [SUCCESS] bfws | snake/instance-07.pddl | wall=164.3s cost=91
  [RUN]  bfws | snake/instance-08.pddl ...
  [SUCCESS] lama | visitall/instance-19.pddl | wall=97.6s cost=5351
  [RUN]  lama | snake/instance-01.pddl ...
  [SUCCESS] lama | snake/instance-01.pddl | wall=7.1s cost=51
  [RUN]  lama | snake/instance-02.pddl ...
  [TIMEOUT] decstar | visitall/instance-02.pddl | wall=360.0s cost=N/A
  [RUN]  decstar | visitall/instance-03.pddl ...
  [TIMEOUT] madagascar | visitall/instance-02.pddl | wall=360.0s cost=N/A
  [RUN]  madagascar | visitall/instance-03.pddl ...
  [SUCCESS] bfws | snake/instance-08.pddl | wall=219.6s cost=177
  [RUN]  bfws | snake/instance-09.pddl ...
  [SUCCESS] lama | snake/instance-02.pddl | wall=167.4s cost=138
  [RUN]  lama | snake/instance-03.pddl ...
  [TIMEOUT] decstar | visitall/instance-03.pddl | wall=360.0s cost=N/A
  [RUN]  decstar | visitall/instance-04.pddl ...
  [TIMEOUT] madagascar | visitall/instance-03.pddl | wall=360.0s cost=N/A
  [RUN]  madagascar | visitall/instance-04.pddl ...
  [SUCCESS] bfws | snake/instance-09.pddl | wall=273.5s cost=157
  [RUN]  bfws | snake/instance-11.pddl ...
  [TIMEOUT] lama | snake/instance-03.pddl | wall=360.0s cost=N/A
  [RUN]  lama | snake/instance-04.pddl ...
  [SUCCESS] bfws | snake/instance-11.pddl | wall=329.7s cost=118
  [RUN]  bfws | snake/instance-12.pddl ...
  [TIMEOUT] decstar | visitall/instance-04.pddl | wall=360.0s cost=N/A
  [RUN]  decstar | visitall/instance-07.pddl ...
  [TIMEOUT] madagascar | visitall/instance-04.pddl | wall=360.0s cost=N/A
  [RUN]  madagascar | visitall/instance-07.pddl ...
  [TIMEOUT] lama | snake/instance-04.pddl | wall=360.0s cost=N/A
  [RUN]  lama | snake/instance-07.pddl ...
  [TIMEOUT] bfws | snake/instance-12.pddl | wall=360.0s cost=N/A
  [RUN]  bfws | snake/instance-13.pddl ...
  [TIMEOUT] decstar | visitall/instance-07.pddl | wall=360.0s cost=N/A
  [RUN]  decstar | visitall/instance-08.pddl ...
  [TIMEOUT] madagascar | visitall/instance-07.pddl | wall=360.0s cost=N/A
  [RUN]  madagascar | visitall/instance-08.pddl ...
  [TIMEOUT] lama | snake/instance-07.pddl | wall=360.0s cost=N/A
  [RUN]  lama | snake/instance-08.pddl ...
  [TIMEOUT] bfws | snake/instance-13.pddl | wall=360.0s cost=N/A
  [RUN]  bfws | snake/instance-14.pddl ...
  [TIMEOUT] decstar | visitall/instance-08.pddl | wall=360.0s cost=N/A
  [RUN]  decstar | visitall/instance-09.pddl ...
  [TIMEOUT] madagascar | visitall/instance-08.pddl | wall=360.0s cost=N/A
  [RUN]  madagascar | visitall/instance-09.pddl ...
  [TIMEOUT] lama | snake/instance-08.pddl | wall=360.0s cost=N/A
  [RUN]  lama | snake/instance-09.pddl ...
  [TIMEOUT] bfws | snake/instance-14.pddl | wall=360.0s cost=N/A
  [RUN]  bfws | snake/instance-16.pddl ...
  [TIMEOUT] decstar | visitall/instance-09.pddl | wall=360.0s cost=N/A
  [RUN]  decstar | visitall/instance-11.pddl ...
  [TIMEOUT] madagascar | visitall/instance-09.pddl | wall=360.0s cost=N/A
  [RUN]  madagascar | visitall/instance-11.pddl ...
  [TIMEOUT] lama | snake/instance-09.pddl | wall=360.0s cost=N/A
  [RUN]  lama | snake/instance-11.pddl ...
  [TIMEOUT] bfws | snake/instance-16.pddl | wall=360.0s cost=N/A
  [RUN]  bfws | snake/instance-17.pddl ...
  [TIMEOUT] decstar | visitall/instance-11.pddl | wall=360.0s cost=N/A
  [RUN]  decstar | visitall/instance-12.pddl ...
  [TIMEOUT] madagascar | visitall/instance-11.pddl | wall=360.0s cost=N/A
  [RUN]  madagascar | visitall/instance-12.pddl ...
  [TIMEOUT] lama | snake/instance-11.pddl | wall=360.0s cost=N/A
  [RUN]  lama | snake/instance-12.pddl ...
  [TIMEOUT] bfws | snake/instance-17.pddl | wall=360.0s cost=N/A
  [RUN]  bfws | snake/instance-18.pddl ...
  [TIMEOUT] decstar | visitall/instance-12.pddl | wall=360.0s cost=N/A
  [RUN]  decstar | visitall/instance-13.pddl ...
  [TIMEOUT] madagascar | visitall/instance-12.pddl | wall=360.0s cost=N/A
  [RUN]  madagascar | visitall/instance-13.pddl ...
  [TIMEOUT] lama | snake/instance-12.pddl | wall=360.0s cost=N/A
  [RUN]  lama | snake/instance-13.pddl ...
  [TIMEOUT] bfws | snake/instance-18.pddl | wall=360.0s cost=N/A
  [RUN]  bfws | snake/instance-19.pddl ...
  [TIMEOUT] decstar | visitall/instance-13.pddl | wall=360.0s cost=N/A
  [RUN]  decstar | visitall/instance-14.pddl ...
  [TIMEOUT] madagascar | visitall/instance-13.pddl | wall=360.0s cost=N/A
  [RUN]  madagascar | visitall/instance-14.pddl ...
  [TIMEOUT] lama | snake/instance-13.pddl | wall=360.0s cost=N/A
  [RUN]  lama | snake/instance-14.pddl ...
  [TIMEOUT] bfws | snake/instance-19.pddl | wall=360.0s cost=N/A
  [RUN]  bfws | ricochet-robots/instance-01.pddl ...
  [TIMEOUT] decstar | visitall/instance-14.pddl | wall=360.0s cost=N/A
  [RUN]  decstar | visitall/instance-16.pddl ...
  [TIMEOUT] madagascar | visitall/instance-14.pddl | wall=360.0s cost=N/A
  [RUN]  madagascar | visitall/instance-16.pddl ...
  [TIMEOUT] lama | snake/instance-14.pddl | wall=360.0s cost=N/A
  [RUN]  lama | snake/instance-16.pddl ...
  [SUCCESS] bfws | ricochet-robots/instance-01.pddl | wall=137.5s cost=224
  [RUN]  bfws | ricochet-robots/instance-02.pddl ...
  [SUCCESS] bfws | ricochet-robots/instance-02.pddl | wall=214.0s cost=252
  [RUN]  bfws | ricochet-robots/instance-03.pddl ...
  [SUCCESS] bfws | ricochet-robots/instance-03.pddl | wall=11.1s cost=182
  [RUN]  bfws | ricochet-robots/instance-04.pddl ...
  [TIMEOUT] decstar | visitall/instance-16.pddl | wall=360.0s cost=N/A
  [RUN]  decstar | visitall/instance-17.pddl ...
  [TIMEOUT] madagascar | visitall/instance-16.pddl | wall=360.0s cost=N/A
  [RUN]  madagascar | visitall/instance-17.pddl ...
  [TIMEOUT] lama | snake/instance-16.pddl | wall=360.0s cost=N/A
  [RUN]  lama | snake/instance-17.pddl ...
  [SUCCESS] bfws | ricochet-robots/instance-04.pddl | wall=339.1s cost=394
  [RUN]  bfws | ricochet-robots/instance-07.pddl ...
  [TIMEOUT] decstar | visitall/instance-17.pddl | wall=360.0s cost=N/A
  [RUN]  decstar | visitall/instance-18.pddl ...
  [TIMEOUT] madagascar | visitall/instance-17.pddl | wall=360.0s cost=N/A
  [RUN]  madagascar | visitall/instance-18.pddl ...
  [TIMEOUT] lama | snake/instance-17.pddl | wall=360.0s cost=N/A
  [RUN]  lama | snake/instance-18.pddl ...
  [SUCCESS] bfws | ricochet-robots/instance-07.pddl | wall=153.5s cost=430
  [RUN]  bfws | ricochet-robots/instance-08.pddl ...
  [SUCCESS] bfws | ricochet-robots/instance-08.pddl | wall=30.0s cost=254
  [RUN]  bfws | ricochet-robots/instance-09.pddl ...
  [SUCCESS] bfws | ricochet-robots/instance-09.pddl | wall=34.4s cost=192
  [RUN]  bfws | ricochet-robots/instance-11.pddl ...
  [TIMEOUT] decstar | visitall/instance-18.pddl | wall=360.0s cost=N/A
  [RUN]  decstar | visitall/instance-19.pddl ...
  [TIMEOUT] madagascar | visitall/instance-18.pddl | wall=360.0s cost=N/A
  [RUN]  madagascar | visitall/instance-19.pddl ...
  [TIMEOUT] lama | snake/instance-18.pddl | wall=360.0s cost=N/A
  [RUN]  lama | snake/instance-19.pddl ...
  [SUCCESS] bfws | ricochet-robots/instance-11.pddl | wall=347.2s cost=446
  [RUN]  bfws | ricochet-robots/instance-12.pddl ...
  [SUCCESS] bfws | ricochet-robots/instance-12.pddl | wall=138.9s cost=405
  [RUN]  bfws | ricochet-robots/instance-13.pddl ...
  [TIMEOUT] decstar | visitall/instance-19.pddl | wall=360.0s cost=N/A
  [RUN]  decstar | snake/instance-01.pddl ...
  [SUCCESS] decstar | snake/instance-01.pddl | wall=4.9s cost=65
  [RUN]  decstar | snake/instance-02.pddl ...
  [TIMEOUT] madagascar | visitall/instance-19.pddl | wall=360.0s cost=N/A
  [RUN]  madagascar | snake/instance-01.pddl ...
  [SUCCESS] madagascar | snake/instance-01.pddl | wall=5.1s cost=55
  [RUN]  madagascar | snake/instance-02.pddl ...
  [SUCCESS] madagascar | snake/instance-02.pddl | wall=53.5s cost=74
  [RUN]  madagascar | snake/instance-03.pddl ...
  [SUCCESS] decstar | snake/instance-02.pddl | wall=111.3s cost=160
  [RUN]  decstar | snake/instance-03.pddl ...
  [TIMEOUT] lama | snake/instance-19.pddl | wall=360.0s cost=N/A
  [RUN]  lama | ricochet-robots/instance-01.pddl ...
  [SUCCESS] madagascar | snake/instance-03.pddl | wall=52.1s cost=57
  [RUN]  madagascar | snake/instance-04.pddl ...
  [SUCCESS] bfws | ricochet-robots/instance-13.pddl | wall=274.8s cost=396
  [RUN]  bfws | ricochet-robots/instance-14.pddl ...
  [SUCCESS] decstar | snake/instance-03.pddl | wall=163.7s cost=165
  [RUN]  decstar | snake/instance-04.pddl ...
  [SUCCESS] lama | ricochet-robots/instance-01.pddl | wall=197.5s cost=80
  [RUN]  lama | ricochet-robots/instance-02.pddl ...
  [TIMEOUT] madagascar | snake/instance-04.pddl | wall=360.0s cost=N/A
  [RUN]  madagascar | snake/instance-07.pddl ...
  [SUCCESS] madagascar | snake/instance-07.pddl | wall=18.2s cost=79
  [RUN]  madagascar | snake/instance-08.pddl ...
  [SUCCESS] lama | ricochet-robots/instance-02.pddl | wall=276.7s cost=238
  [RUN]  lama | ricochet-robots/instance-03.pddl ...
  [TIMEOUT] bfws | ricochet-robots/instance-14.pddl | wall=360.0s cost=N/A
  [RUN]  bfws | ricochet-robots/instance-16.pddl ...
  [TIMEOUT] decstar | snake/instance-04.pddl | wall=360.0s cost=N/A
  [RUN]  decstar | snake/instance-07.pddl ...
  [SUCCESS] lama | ricochet-robots/instance-03.pddl | wall=110.1s cost=224
  [RUN]  lama | ricochet-robots/instance-04.pddl ...
  [TIMEOUT] madagascar | snake/instance-08.pddl | wall=360.0s cost=N/A
  [RUN]  madagascar | snake/instance-09.pddl ...
  [SUCCESS] bfws | ricochet-robots/instance-16.pddl | wall=334.0s cost=691
  [RUN]  bfws | ricochet-robots/instance-17.pddl ...
  [TIMEOUT] decstar | snake/instance-07.pddl | wall=360.0s cost=N/A
  [RUN]  decstar | snake/instance-08.pddl ...
  [TIMEOUT] lama | ricochet-robots/instance-04.pddl | wall=360.0s cost=N/A
  [RUN]  lama | ricochet-robots/instance-07.pddl ...
  [SUCCESS] lama | ricochet-robots/instance-07.pddl | wall=90.9s cost=304
  [RUN]  lama | ricochet-robots/instance-08.pddl ...
  [TIMEOUT] madagascar | snake/instance-09.pddl | wall=360.0s cost=N/A
  [RUN]  madagascar | snake/instance-11.pddl ...
  [SUCCESS] madagascar | snake/instance-11.pddl | wall=52.4s cost=103
  [RUN]  madagascar | snake/instance-12.pddl ...
  [TIMEOUT] bfws | ricochet-robots/instance-17.pddl | wall=360.0s cost=N/A
  [RUN]  bfws | ricochet-robots/instance-18.pddl ...
  [TIMEOUT] decstar | snake/instance-08.pddl | wall=360.0s cost=N/A
  [RUN]  decstar | snake/instance-09.pddl ...
  [TIMEOUT] lama | ricochet-robots/instance-08.pddl | wall=360.0s cost=N/A
  [RUN]  lama | ricochet-robots/instance-09.pddl ...
  [SUCCESS] madagascar | snake/instance-12.pddl | wall=308.2s cost=158
  [RUN]  madagascar | snake/instance-13.pddl ...
  [TIMEOUT] bfws | ricochet-robots/instance-18.pddl | wall=360.0s cost=N/A
  [RUN]  bfws | ricochet-robots/instance-19.pddl ...
  [TIMEOUT] decstar | snake/instance-09.pddl | wall=360.0s cost=N/A
  [RUN]  decstar | snake/instance-11.pddl ...
  [TIMEOUT] lama | ricochet-robots/instance-09.pddl | wall=360.0s cost=N/A
  [RUN]  lama | ricochet-robots/instance-11.pddl ...
  [TIMEOUT] madagascar | snake/instance-13.pddl | wall=360.0s cost=N/A
  [RUN]  madagascar | snake/instance-14.pddl ...
  [TIMEOUT] bfws | ricochet-robots/instance-19.pddl | wall=360.0s cost=N/A
  [RUN]  bfws | depots/instance-01.pddl ...
  [SUCCESS] bfws | depots/instance-01.pddl | wall=0.6s cost=13
  [RUN]  bfws | depots/instance-02.pddl ...
  [SUCCESS] bfws | depots/instance-02.pddl | wall=0.6s cost=16
  [RUN]  bfws | depots/instance-03.pddl ...
  [SUCCESS] bfws | depots/instance-03.pddl | wall=0.8s cost=57
  [RUN]  bfws | depots/instance-04.pddl ...
  [SUCCESS] bfws | depots/instance-04.pddl | wall=0.7s cost=32
  [RUN]  bfws | depots/instance-07.pddl ...
  [SUCCESS] bfws | depots/instance-07.pddl | wall=0.7s cost=45
  [RUN]  bfws | depots/instance-08.pddl ...
  [SUCCESS] bfws | depots/instance-08.pddl | wall=0.8s cost=68
  [RUN]  bfws | depots/instance-09.pddl ...
  [SUCCESS] bfws | depots/instance-09.pddl | wall=23.7s cost=116
  [RUN]  bfws | depots/instance-11.pddl ...
  [SUCCESS] bfws | depots/instance-11.pddl | wall=1.1s cost=110
  [RUN]  bfws | depots/instance-12.pddl ...
  [SUCCESS] bfws | depots/instance-12.pddl | wall=1.9s cost=131
  [RUN]  bfws | depots/instance-13.pddl ...
  [SUCCESS] bfws | depots/instance-13.pddl | wall=0.8s cost=30
  [RUN]  bfws | depots/instance-14.pddl ...
  [SUCCESS] bfws | depots/instance-14.pddl | wall=1.3s cost=65
  [RUN]  bfws | depots/instance-16.pddl ...
  [SUCCESS] bfws | depots/instance-16.pddl | wall=0.8s cost=28
  [RUN]  bfws | depots/instance-17.pddl ...
  [SUCCESS] bfws | depots/instance-17.pddl | wall=1.4s cost=48
  [RUN]  bfws | depots/instance-18.pddl ...
  [SUCCESS] bfws | depots/instance-18.pddl | wall=2.3s cost=104
  [RUN]  bfws | depots/instance-19.pddl ...
  [SUCCESS] bfws | depots/instance-19.pddl | wall=9.6s cost=64
  [RUN]  bfws | barman/instance-01.pddl ...
  [TIMEOUT] decstar | snake/instance-11.pddl | wall=360.0s cost=N/A
  [RUN]  decstar | snake/instance-12.pddl ...
  [SUCCESS] bfws | barman/instance-01.pddl | wall=41.8s cost=195
  [RUN]  bfws | barman/instance-02.pddl ...
  [SUCCESS] bfws | barman/instance-02.pddl | wall=54.6s cost=222
  [RUN]  bfws | barman/instance-03.pddl ...
  [SUCCESS] bfws | barman/instance-03.pddl | wall=55.8s cost=261
  [RUN]  bfws | barman/instance-04.pddl ...
  [TIMEOUT] lama | ricochet-robots/instance-11.pddl | wall=360.0s cost=N/A
  [RUN]  lama | ricochet-robots/instance-12.pddl ...
  [SUCCESS] bfws | barman/instance-04.pddl | wall=34.4s cost=222
  [RUN]  bfws | barman/instance-07.pddl ...
  [TIMEOUT] madagascar | snake/instance-14.pddl | wall=360.0s cost=N/A
  [RUN]  madagascar | snake/instance-16.pddl ...
  [SUCCESS] bfws | barman/instance-07.pddl | wall=57.8s cost=201
  [RUN]  bfws | barman/instance-08.pddl ...
  [SUCCESS] bfws | barman/instance-08.pddl | wall=78.5s cost=273
  [RUN]  bfws | barman/instance-09.pddl ...
  [SUCCESS] bfws | barman/instance-09.pddl | wall=24.7s cost=186
  [RUN]  bfws | barman/instance-11.pddl ...
  [TIMEOUT] decstar | snake/instance-12.pddl | wall=360.0s cost=N/A
  [RUN]  decstar | snake/instance-13.pddl ...
  [SUCCESS] bfws | barman/instance-11.pddl | wall=57.3s cost=234
  [RUN]  bfws | barman/instance-12.pddl ...
  [SUCCESS] bfws | barman/instance-12.pddl | wall=50.5s cost=241
  [RUN]  bfws | barman/instance-13.pddl ...
  [TIMEOUT] lama | ricochet-robots/instance-12.pddl | wall=360.0s cost=N/A
  [RUN]  lama | ricochet-robots/instance-13.pddl ...
  [SUCCESS] bfws | barman/instance-13.pddl | wall=136.0s cost=207
  [RUN]  bfws | barman/instance-14.pddl ...
  [TIMEOUT] madagascar | snake/instance-16.pddl | wall=360.0s cost=N/A
  [RUN]  madagascar | snake/instance-17.pddl ...
  [SUCCESS] lama | ricochet-robots/instance-13.pddl | wall=69.3s cost=176
  [RUN]  lama | ricochet-robots/instance-14.pddl ...
  [SUCCESS] bfws | barman/instance-14.pddl | wall=28.7s cost=208
  [RUN]  bfws | barman/instance-16.pddl ...
  [SUCCESS] bfws | barman/instance-16.pddl | wall=52.3s cost=198
  [RUN]  bfws | barman/instance-17.pddl ...
  [SUCCESS] bfws | barman/instance-17.pddl | wall=21.2s cost=194
  [RUN]  bfws | barman/instance-18.pddl ...
  [SUCCESS] bfws | barman/instance-18.pddl | wall=42.4s cost=228
  [RUN]  bfws | barman/instance-19.pddl ...
  [TIMEOUT] decstar | snake/instance-13.pddl | wall=360.0s cost=N/A
  [RUN]  decstar | snake/instance-14.pddl ...
  [SUCCESS] bfws | barman/instance-19.pddl | wall=62.4s cost=236

[DONE] bfws finished: SUCCESS=64 TIMEOUT=11 MEMOUT=0 FAILURE=0
  [SUCCESS] lama | ricochet-robots/instance-14.pddl | wall=351.2s cost=277
  [RUN]  lama | ricochet-robots/instance-16.pddl ...
  [TIMEOUT] madagascar | snake/instance-17.pddl | wall=360.0s cost=N/A
  [RUN]  madagascar | snake/instance-18.pddl ...
  [TIMEOUT] decstar | snake/instance-14.pddl | wall=360.0s cost=N/A
  [RUN]  decstar | snake/instance-16.pddl ...
  [TIMEOUT] lama | ricochet-robots/instance-16.pddl | wall=360.0s cost=N/A
  [RUN]  lama | ricochet-robots/instance-17.pddl ...
  [TIMEOUT] madagascar | snake/instance-18.pddl | wall=360.0s cost=N/A
  [RUN]  madagascar | snake/instance-19.pddl ...
  [TIMEOUT] decstar | snake/instance-16.pddl | wall=360.0s cost=N/A
  [RUN]  decstar | snake/instance-17.pddl ...
  [TIMEOUT] lama | ricochet-robots/instance-17.pddl | wall=360.0s cost=N/A
  [RUN]  lama | ricochet-robots/instance-18.pddl ...
  [TIMEOUT] madagascar | snake/instance-19.pddl | wall=360.0s cost=N/A
  [RUN]  madagascar | ricochet-robots/instance-01.pddl ...
  [TIMEOUT] decstar | snake/instance-17.pddl | wall=360.0s cost=N/A
  [RUN]  decstar | snake/instance-18.pddl ...
  [TIMEOUT] lama | ricochet-robots/instance-18.pddl | wall=360.0s cost=N/A
  [RUN]  lama | ricochet-robots/instance-19.pddl ...
  [TIMEOUT] madagascar | ricochet-robots/instance-01.pddl | wall=360.0s cost=N/A
  [RUN]  madagascar | ricochet-robots/instance-02.pddl ...
  [TIMEOUT] decstar | snake/instance-18.pddl | wall=360.0s cost=N/A
  [RUN]  decstar | snake/instance-19.pddl ...
  [TIMEOUT] lama | ricochet-robots/instance-19.pddl | wall=360.0s cost=N/A
  [RUN]  lama | depots/instance-01.pddl ...
  [SUCCESS] lama | depots/instance-01.pddl | wall=0.7s cost=10
  [RUN]  lama | depots/instance-02.pddl ...
  [SUCCESS] lama | depots/instance-02.pddl | wall=0.8s cost=16
  [RUN]  lama | depots/instance-03.pddl ...
  [SUCCESS] lama | depots/instance-03.pddl | wall=0.9s cost=33
  [RUN]  lama | depots/instance-04.pddl ...
  [SUCCESS] lama | depots/instance-04.pddl | wall=0.9s cost=58
  [RUN]  lama | depots/instance-07.pddl ...
  [SUCCESS] lama | depots/instance-07.pddl | wall=0.8s cost=23
  [RUN]  lama | depots/instance-08.pddl ...
  [TIMEOUT] madagascar | ricochet-robots/instance-02.pddl | wall=360.0s cost=N/A
  [RUN]  madagascar | ricochet-robots/instance-03.pddl ...
  [SUCCESS] lama | depots/instance-08.pddl | wall=1.4s cost=59
  [RUN]  lama | depots/instance-09.pddl ...
  [SUCCESS] lama | depots/instance-09.pddl | wall=3.3s cost=124
  [RUN]  lama | depots/instance-11.pddl ...
  [SUCCESS] lama | depots/instance-11.pddl | wall=2.5s cost=95
  [RUN]  lama | depots/instance-12.pddl ...
  [SUCCESS] lama | depots/instance-12.pddl | wall=6.3s cost=86
  [RUN]  lama | depots/instance-13.pddl ...
  [SUCCESS] lama | depots/instance-13.pddl | wall=1.0s cost=28
  [RUN]  lama | depots/instance-14.pddl ...
  [SUCCESS] lama | depots/instance-14.pddl | wall=1.2s cost=35
  [RUN]  lama | depots/instance-16.pddl ...
  [SUCCESS] lama | depots/instance-16.pddl | wall=1.0s cost=27
  [RUN]  lama | depots/instance-17.pddl ...
  [SUCCESS] lama | depots/instance-17.pddl | wall=1.3s cost=26
  [RUN]  lama | depots/instance-18.pddl ...
  [SUCCESS] lama | depots/instance-18.pddl | wall=5.5s cost=71
  [RUN]  lama | depots/instance-19.pddl ...
  [SUCCESS] lama | depots/instance-19.pddl | wall=2.3s cost=40
  [RUN]  lama | barman/instance-01.pddl ...
  [SUCCESS] lama | barman/instance-01.pddl | wall=2.0s cost=240
  [RUN]  lama | barman/instance-02.pddl ...
  [SUCCESS] lama | barman/instance-02.pddl | wall=2.0s cost=221
  [RUN]  lama | barman/instance-03.pddl ...
  [SUCCESS] lama | barman/instance-03.pddl | wall=2.2s cost=168
  [RUN]  lama | barman/instance-04.pddl ...
  [SUCCESS] lama | barman/instance-04.pddl | wall=15.4s cost=258
  [RUN]  lama | barman/instance-07.pddl ...
  [SUCCESS] lama | barman/instance-07.pddl | wall=2.4s cost=218
  [RUN]  lama | barman/instance-08.pddl ...
  [SUCCESS] lama | barman/instance-08.pddl | wall=3.7s cost=235
  [RUN]  lama | barman/instance-09.pddl ...
  [SUCCESS] lama | barman/instance-09.pddl | wall=3.3s cost=223
  [RUN]  lama | barman/instance-11.pddl ...
  [SUCCESS] lama | barman/instance-11.pddl | wall=3.2s cost=222
  [RUN]  lama | barman/instance-12.pddl ...
  [SUCCESS] lama | barman/instance-12.pddl | wall=3.7s cost=196
  [RUN]  lama | barman/instance-13.pddl ...
  [SUCCESS] lama | barman/instance-13.pddl | wall=4.8s cost=310
  [RUN]  lama | barman/instance-14.pddl ...
  [SUCCESS] lama | barman/instance-14.pddl | wall=1.8s cost=212
  [RUN]  lama | barman/instance-16.pddl ...
  [SUCCESS] lama | barman/instance-16.pddl | wall=3.3s cost=223
  [RUN]  lama | barman/instance-17.pddl ...
  [SUCCESS] lama | barman/instance-17.pddl | wall=1.5s cost=203
  [RUN]  lama | barman/instance-18.pddl ...
  [SUCCESS] lama | barman/instance-18.pddl | wall=1.9s cost=217
  [RUN]  lama | barman/instance-19.pddl ...
  [SUCCESS] lama | barman/instance-19.pddl | wall=3.3s cost=238

[DONE] lama finished: SUCCESS=53 TIMEOUT=22 MEMOUT=0 FAILURE=0
  [TIMEOUT] decstar | snake/instance-19.pddl | wall=360.0s cost=N/A
  [RUN]  decstar | ricochet-robots/instance-01.pddl ...
  [TIMEOUT] madagascar | ricochet-robots/instance-03.pddl | wall=360.0s cost=N/A
  [RUN]  madagascar | ricochet-robots/instance-04.pddl ...
  [TIMEOUT] decstar | ricochet-robots/instance-01.pddl | wall=360.0s cost=N/A
  [RUN]  decstar | ricochet-robots/instance-02.pddl ...
  [SUCCESS] decstar | ricochet-robots/instance-02.pddl | wall=226.6s cost=245
  [RUN]  decstar | ricochet-robots/instance-03.pddl ...
  [TIMEOUT] madagascar | ricochet-robots/instance-04.pddl | wall=360.0s cost=N/A
  [RUN]  madagascar | ricochet-robots/instance-07.pddl ...
  [SUCCESS] decstar | ricochet-robots/instance-03.pddl | wall=7.3s cost=144
  [RUN]  decstar | ricochet-robots/instance-04.pddl ...
  [TIMEOUT] decstar | ricochet-robots/instance-04.pddl | wall=360.0s cost=N/A
  [RUN]  decstar | ricochet-robots/instance-07.pddl ...
  [TIMEOUT] madagascar | ricochet-robots/instance-07.pddl | wall=360.0s cost=N/A
  [RUN]  madagascar | ricochet-robots/instance-08.pddl ...
  [SUCCESS] decstar | ricochet-robots/instance-07.pddl | wall=64.7s cost=322
  [RUN]  decstar | ricochet-robots/instance-08.pddl ...
  [TIMEOUT] madagascar | ricochet-robots/instance-08.pddl | wall=360.0s cost=N/A
  [RUN]  madagascar | ricochet-robots/instance-09.pddl ...
  [TIMEOUT] decstar | ricochet-robots/instance-08.pddl | wall=360.0s cost=N/A
  [RUN]  decstar | ricochet-robots/instance-09.pddl ...
  [SUCCESS] decstar | ricochet-robots/instance-09.pddl | wall=16.0s cost=237
  [RUN]  decstar | ricochet-robots/instance-11.pddl ...
  [TIMEOUT] madagascar | ricochet-robots/instance-09.pddl | wall=360.0s cost=N/A
  [RUN]  madagascar | ricochet-robots/instance-11.pddl ...
  [TIMEOUT] decstar | ricochet-robots/instance-11.pddl | wall=360.0s cost=N/A
  [RUN]  decstar | ricochet-robots/instance-12.pddl ...
  [TIMEOUT] madagascar | ricochet-robots/instance-11.pddl | wall=360.0s cost=N/A
  [RUN]  madagascar | ricochet-robots/instance-12.pddl ...
  [TIMEOUT] decstar | ricochet-robots/instance-12.pddl | wall=360.0s cost=N/A
  [RUN]  decstar | ricochet-robots/instance-13.pddl ...
  [SUCCESS] decstar | ricochet-robots/instance-13.pddl | wall=20.8s cost=202
  [RUN]  decstar | ricochet-robots/instance-14.pddl ...
  [TIMEOUT] madagascar | ricochet-robots/instance-12.pddl | wall=360.0s cost=N/A
  [RUN]  madagascar | ricochet-robots/instance-13.pddl ...
  [TIMEOUT] decstar | ricochet-robots/instance-14.pddl | wall=360.0s cost=N/A
  [RUN]  decstar | ricochet-robots/instance-16.pddl ...
  [TIMEOUT] madagascar | ricochet-robots/instance-13.pddl | wall=360.0s cost=N/A
  [RUN]  madagascar | ricochet-robots/instance-14.pddl ...
  [TIMEOUT] decstar | ricochet-robots/instance-16.pddl | wall=360.0s cost=N/A
  [RUN]  decstar | ricochet-robots/instance-17.pddl ...
  [TIMEOUT] madagascar | ricochet-robots/instance-14.pddl | wall=360.0s cost=N/A
  [RUN]  madagascar | ricochet-robots/instance-16.pddl ...
  [TIMEOUT] decstar | ricochet-robots/instance-17.pddl | wall=360.0s cost=N/A
  [RUN]  decstar | ricochet-robots/instance-18.pddl ...
  [TIMEOUT] madagascar | ricochet-robots/instance-16.pddl | wall=360.0s cost=N/A
  [RUN]  madagascar | ricochet-robots/instance-17.pddl ...
  [TIMEOUT] decstar | ricochet-robots/instance-18.pddl | wall=360.0s cost=N/A
  [RUN]  decstar | ricochet-robots/instance-19.pddl ...
  [TIMEOUT] madagascar | ricochet-robots/instance-17.pddl | wall=360.0s cost=N/A
  [RUN]  madagascar | ricochet-robots/instance-18.pddl ...
  [TIMEOUT] decstar | ricochet-robots/instance-19.pddl | wall=360.0s cost=N/A
  [RUN]  decstar | depots/instance-01.pddl ...
  [SUCCESS] decstar | depots/instance-01.pddl | wall=0.9s cost=10
  [RUN]  decstar | depots/instance-02.pddl ...
  [SUCCESS] decstar | depots/instance-02.pddl | wall=1.0s cost=17
  [RUN]  decstar | depots/instance-03.pddl ...
  [SUCCESS] decstar | depots/instance-03.pddl | wall=1.1s cost=33
  [RUN]  decstar | depots/instance-04.pddl ...
  [SUCCESS] decstar | depots/instance-04.pddl | wall=1.8s cost=84
  [RUN]  decstar | depots/instance-07.pddl ...
  [SUCCESS] decstar | depots/instance-07.pddl | wall=1.2s cost=21
  [RUN]  decstar | depots/instance-08.pddl ...
  [SUCCESS] decstar | depots/instance-08.pddl | wall=1.7s cost=38
  [RUN]  decstar | depots/instance-09.pddl ...
  [SUCCESS] decstar | depots/instance-09.pddl | wall=53.0s cost=214
  [RUN]  decstar | depots/instance-11.pddl ...
  [SUCCESS] decstar | depots/instance-11.pddl | wall=2.4s cost=91
  [RUN]  decstar | depots/instance-12.pddl ...
  [TIMEOUT] decstar | depots/instance-12.pddl | wall=360.0s cost=N/A
  [RUN]  decstar | depots/instance-13.pddl ...
  [SUCCESS] decstar | depots/instance-13.pddl | wall=1.5s cost=27
  [RUN]  decstar | depots/instance-14.pddl ...
  [SUCCESS] decstar | depots/instance-14.pddl | wall=2.0s cost=39
  [RUN]  decstar | depots/instance-16.pddl ...
  [SUCCESS] decstar | depots/instance-16.pddl | wall=1.7s cost=36
  [RUN]  decstar | depots/instance-17.pddl ...
  [SUCCESS] decstar | depots/instance-17.pddl | wall=1.9s cost=38
  [RUN]  decstar | depots/instance-18.pddl ...
  [SUCCESS] decstar | depots/instance-18.pddl | wall=2.2s cost=60
  [RUN]  decstar | depots/instance-19.pddl ...
  [SUCCESS] decstar | depots/instance-19.pddl | wall=2.4s cost=51
  [RUN]  decstar | barman/instance-01.pddl ...
  [TIMEOUT] madagascar | ricochet-robots/instance-18.pddl | wall=360.0s cost=N/A
  [RUN]  madagascar | ricochet-robots/instance-19.pddl ...
  [TIMEOUT] decstar | barman/instance-01.pddl | wall=360.0s cost=N/A
  [RUN]  decstar | barman/instance-02.pddl ...
  [TIMEOUT] madagascar | ricochet-robots/instance-19.pddl | wall=360.0s cost=N/A
  [RUN]  madagascar | depots/instance-01.pddl ...
  [SUCCESS] madagascar | depots/instance-01.pddl | wall=0.4s cost=11
  [RUN]  madagascar | depots/instance-02.pddl ...
  [SUCCESS] madagascar | depots/instance-02.pddl | wall=0.4s cost=17
  [RUN]  madagascar | depots/instance-03.pddl ...
  [SUCCESS] madagascar | depots/instance-03.pddl | wall=0.4s cost=33
  [RUN]  madagascar | depots/instance-04.pddl ...
  [SUCCESS] madagascar | depots/instance-04.pddl | wall=0.5s cost=48
  [RUN]  madagascar | depots/instance-07.pddl ...
  [SUCCESS] madagascar | depots/instance-07.pddl | wall=0.4s cost=23
  [RUN]  madagascar | depots/instance-08.pddl ...
  [SUCCESS] madagascar | depots/instance-08.pddl | wall=0.5s cost=52
  [RUN]  madagascar | depots/instance-09.pddl ...
  [SUCCESS] madagascar | depots/instance-09.pddl | wall=0.7s cost=92
  [RUN]  madagascar | depots/instance-11.pddl ...
  [SUCCESS] madagascar | depots/instance-11.pddl | wall=0.6s cost=68
  [RUN]  madagascar | depots/instance-12.pddl ...
  [SUCCESS] madagascar | depots/instance-12.pddl | wall=0.8s cost=93
  [RUN]  madagascar | depots/instance-13.pddl ...
  [SUCCESS] madagascar | depots/instance-13.pddl | wall=0.5s cost=28
  [RUN]  madagascar | depots/instance-14.pddl ...
  [SUCCESS] madagascar | depots/instance-14.pddl | wall=0.6s cost=42
  [RUN]  madagascar | depots/instance-16.pddl ...
  [SUCCESS] madagascar | depots/instance-16.pddl | wall=0.6s cost=35
  [RUN]  madagascar | depots/instance-17.pddl ...
  [SUCCESS] madagascar | depots/instance-17.pddl | wall=0.6s cost=31
  [RUN]  madagascar | depots/instance-18.pddl ...
  [SUCCESS] madagascar | depots/instance-18.pddl | wall=1.1s cost=94
  [RUN]  madagascar | depots/instance-19.pddl ...
  [SUCCESS] madagascar | depots/instance-19.pddl | wall=0.6s cost=67
  [RUN]  madagascar | barman/instance-01.pddl ...
  [TIMEOUT] decstar | barman/instance-02.pddl | wall=360.0s cost=N/A
  [RUN]  decstar | barman/instance-03.pddl ...
  [TIMEOUT] madagascar | barman/instance-01.pddl | wall=360.0s cost=N/A
  [RUN]  madagascar | barman/instance-02.pddl ...
  [SUCCESS] decstar | barman/instance-03.pddl | wall=115.4s cost=160
  [RUN]  decstar | barman/instance-04.pddl ...
  [SUCCESS] decstar | barman/instance-04.pddl | wall=204.9s cost=217
  [RUN]  decstar | barman/instance-07.pddl ...
  [TIMEOUT] madagascar | barman/instance-02.pddl | wall=360.0s cost=N/A
  [RUN]  madagascar | barman/instance-03.pddl ...
  [TIMEOUT] decstar | barman/instance-07.pddl | wall=360.0s cost=N/A
  [RUN]  decstar | barman/instance-08.pddl ...
  [TIMEOUT] madagascar | barman/instance-03.pddl | wall=360.0s cost=N/A
  [RUN]  madagascar | barman/instance-04.pddl ...
  [SUCCESS] madagascar | barman/instance-04.pddl | wall=72.9s cost=335
  [RUN]  madagascar | barman/instance-07.pddl ...
  [TIMEOUT] decstar | barman/instance-08.pddl | wall=360.0s cost=N/A
  [RUN]  decstar | barman/instance-09.pddl ...
  [TIMEOUT] madagascar | barman/instance-07.pddl | wall=360.0s cost=N/A
  [RUN]  madagascar | barman/instance-08.pddl ...
  [TIMEOUT] decstar | barman/instance-09.pddl | wall=360.0s cost=N/A
  [RUN]  decstar | barman/instance-11.pddl ...
  [TIMEOUT] madagascar | barman/instance-08.pddl | wall=360.0s cost=N/A
  [RUN]  madagascar | barman/instance-09.pddl ...
  [SUCCESS] madagascar | barman/instance-09.pddl | wall=24.8s cost=273
  [RUN]  madagascar | barman/instance-11.pddl ...
  [TIMEOUT] decstar | barman/instance-11.pddl | wall=360.0s cost=N/A
  [RUN]  decstar | barman/instance-12.pddl ...
  [TIMEOUT] madagascar | barman/instance-11.pddl | wall=360.0s cost=N/A
  [RUN]  madagascar | barman/instance-12.pddl ...
  [TIMEOUT] decstar | barman/instance-12.pddl | wall=360.0s cost=N/A
  [RUN]  decstar | barman/instance-13.pddl ...
  [TIMEOUT] madagascar | barman/instance-12.pddl | wall=360.0s cost=N/A
  [RUN]  madagascar | barman/instance-13.pddl ...
  [TIMEOUT] decstar | barman/instance-13.pddl | wall=360.0s cost=N/A
  [RUN]  decstar | barman/instance-14.pddl ...
  [SUCCESS] decstar | barman/instance-14.pddl | wall=78.0s cost=221
  [RUN]  decstar | barman/instance-16.pddl ...
  [TIMEOUT] madagascar | barman/instance-13.pddl | wall=360.0s cost=N/A
  [RUN]  madagascar | barman/instance-14.pddl ...
  [TIMEOUT] decstar | barman/instance-16.pddl | wall=360.0s cost=N/A
  [RUN]  decstar | barman/instance-17.pddl ...
  [SUCCESS] decstar | barman/instance-17.pddl | wall=2.7s cost=190
  [RUN]  decstar | barman/instance-18.pddl ...
  [TIMEOUT] madagascar | barman/instance-14.pddl | wall=360.0s cost=N/A
  [RUN]  madagascar | barman/instance-16.pddl ...
  [TIMEOUT] decstar | barman/instance-18.pddl | wall=360.0s cost=N/A
  [RUN]  decstar | barman/instance-19.pddl ...
  [TIMEOUT] madagascar | barman/instance-16.pddl | wall=360.0s cost=N/A
  [RUN]  madagascar | barman/instance-17.pddl ...
  [SUCCESS] madagascar | barman/instance-17.pddl | wall=80.4s cost=273
  [RUN]  madagascar | barman/instance-18.pddl ...
  [TIMEOUT] decstar | barman/instance-19.pddl | wall=360.0s cost=N/A

[DONE] decstar finished: SUCCESS=26 TIMEOUT=49 MEMOUT=0 FAILURE=0
  [SUCCESS] madagascar | barman/instance-18.pddl | wall=142.3s cost=291
  [RUN]  madagascar | barman/instance-19.pddl ...
  [TIMEOUT] madagascar | barman/instance-19.pddl | wall=360.0s cost=N/A

[DONE] madagascar finished: SUCCESS=25 TIMEOUT=50 MEMOUT=0 FAILURE=0

=================================================================
  Stage 0 complete -- 300/300 runs
  Total time: 5h 14m
=================================================================

[SUMMARY] Post-run summary saved to: /Users/danielehab/My Drive/ArchAware-PDDL-Configurator/logs/stage0/run_summaries/run_summary_1.md
