=================================================================
  Stage 0 (BASELINE) Execution Pipeline
  Architecture-Aware PDDL Configurator
=================================================================

[INFO] Work queue: 75 domain x instance pairs
[INFO] Planners: ['lama', 'madagascar', 'bfws', 'decstar']
[INFO] Total runs: 300

[INFO] CSV output: /Users/danielehab/My Drive/ArchAware-PDDL-Configurator/results/planner_execution_data.csv

[INFO] Heartbeat started (every 60s) -> /Users/danielehab/My Drive/ArchAware-PDDL-Configurator/logs/stage0/pipeline_heartbeat.log
[INFO] Terminal output logged to: /Users/danielehab/My Drive/ArchAware-PDDL-Configurator/logs/stage0/terminal_output/run_20260427_145508.log

[INFO] Docker images assumed to be built and ready [OK]

-----------------------------------------------------------------
  Starting parallel execution (4 planner threads)
-----------------------------------------------------------------

  [RUN]  lama | visitall/instance-01.pddl ...  [RUN]  madagascar | visitall/instance-01.pddl ...
  [RUN]  decstar | visitall/instance-01.pddl ...
  [RUN]  bfws | visitall/instance-01.pddl ...

  [SUCCESS] bfws | visitall/instance-01.pddl | wall=6.8s cost=919
  [RUN]  bfws | visitall/instance-02.pddl ...
  [SUCCESS] bfws | visitall/instance-02.pddl | wall=1.7s cost=1028
  [RUN]  bfws | visitall/instance-03.pddl ...
  [SUCCESS] lama | visitall/instance-01.pddl | wall=9.4s cost=1130
  [RUN]  lama | visitall/instance-02.pddl ...
  [SUCCESS] bfws | visitall/instance-03.pddl | wall=1.9s cost=1043
  [RUN]  bfws | visitall/instance-04.pddl ...
  [SUCCESS] bfws | visitall/instance-04.pddl | wall=2.0s cost=1110
  [RUN]  bfws | visitall/instance-07.pddl ...
  [SUCCESS] lama | visitall/instance-02.pddl | wall=4.8s cost=1326
  [RUN]  lama | visitall/instance-03.pddl ...
  [SUCCESS] lama | visitall/instance-03.pddl | wall=5.2s cost=1318
  [RUN]  lama | visitall/instance-04.pddl ...
  [SUCCESS] bfws | visitall/instance-07.pddl | wall=11.9s cost=2743
  [RUN]  bfws | visitall/instance-08.pddl ...
  [SUCCESS] lama | visitall/instance-04.pddl | wall=6.1s cost=1573
  [RUN]  lama | visitall/instance-07.pddl ...
  [SUCCESS] bfws | visitall/instance-08.pddl | wall=12.5s cost=2850
  [RUN]  bfws | visitall/instance-09.pddl ...
  [SUCCESS] bfws | visitall/instance-09.pddl | wall=12.9s cost=2959
  [RUN]  bfws | visitall/instance-11.pddl ...
  [SUCCESS] lama | visitall/instance-07.pddl | wall=33.0s cost=3494
  [RUN]  lama | visitall/instance-08.pddl ...
  [SUCCESS] bfws | visitall/instance-11.pddl | wall=19.8s cost=3179
  [RUN]  bfws | visitall/instance-12.pddl ...
  [SUCCESS] bfws | visitall/instance-12.pddl | wall=17.8s cost=3294
  [RUN]  bfws | visitall/instance-13.pddl ...
  [SUCCESS] lama | visitall/instance-08.pddl | wall=35.9s cost=3828
  [RUN]  lama | visitall/instance-09.pddl ...
  [SUCCESS] bfws | visitall/instance-13.pddl | wall=22.2s cost=3411
  [RUN]  bfws | visitall/instance-14.pddl ...
  [SUCCESS] lama | visitall/instance-09.pddl | wall=39.3s cost=3769
  [RUN]  lama | visitall/instance-11.pddl ...
  [SUCCESS] bfws | visitall/instance-14.pddl | wall=30.1s cost=3632
  [RUN]  bfws | visitall/instance-16.pddl ...
  [SUCCESS] bfws | visitall/instance-16.pddl | wall=24.3s cost=3770
  [RUN]  bfws | visitall/instance-17.pddl ...
  [SUCCESS] lama | visitall/instance-11.pddl | wall=45.1s cost=4062
  [RUN]  lama | visitall/instance-12.pddl ...
  [SUCCESS] bfws | visitall/instance-17.pddl | wall=31.2s cost=3895
  [RUN]  bfws | visitall/instance-18.pddl ...
  [SUCCESS] lama | visitall/instance-12.pddl | wall=47.1s cost=4449
  [RUN]  lama | visitall/instance-13.pddl ...
  [SUCCESS] bfws | visitall/instance-18.pddl | wall=40.6s cost=4132
  [RUN]  bfws | visitall/instance-19.pddl ...
  [SUCCESS] bfws | visitall/instance-19.pddl | wall=31.1s cost=4147
  [RUN]  bfws | snake/instance-01.pddl ...
  [SUCCESS] bfws | snake/instance-01.pddl | wall=3.4s cost=47
  [RUN]  bfws | snake/instance-02.pddl ...
  [SUCCESS] lama | visitall/instance-13.pddl | wall=50.5s cost=4304
  [RUN]  lama | visitall/instance-14.pddl ...
  [ MEMOUT] decstar | visitall/instance-01.pddl | wall=305.4s cost=N/A
  [RUN]  decstar | visitall/instance-02.pddl ...
  [SUCCESS] bfws | snake/instance-02.pddl | wall=38.7s cost=86
  [RUN]  bfws | snake/instance-03.pddl ...
  [TIMEOUT] madagascar | visitall/instance-01.pddl | wall=300.0s cost=N/A
  [RUN]  madagascar | visitall/instance-02.pddl ...
  [SUCCESS] lama | visitall/instance-14.pddl | wall=53.8s cost=4421
  [RUN]  lama | visitall/instance-16.pddl ...
  [SUCCESS] bfws | snake/instance-03.pddl | wall=44.3s cost=89
  [RUN]  bfws | snake/instance-04.pddl ...
  [SUCCESS] lama | visitall/instance-16.pddl | wall=65.2s cost=4809
  [RUN]  lama | visitall/instance-17.pddl ...
  [SUCCESS] bfws | snake/instance-04.pddl | wall=80.4s cost=133
  [RUN]  bfws | snake/instance-07.pddl ...
  [SUCCESS] lama | visitall/instance-17.pddl | wall=72.2s cost=5039
  [RUN]  lama | visitall/instance-18.pddl ...
  [SUCCESS] lama | visitall/instance-18.pddl | wall=75.2s cost=5057
  [RUN]  lama | visitall/instance-19.pddl ...
  [SUCCESS] bfws | snake/instance-07.pddl | wall=147.0s cost=91
  [RUN]  bfws | snake/instance-08.pddl ...
  [ MEMOUT] decstar | visitall/instance-02.pddl | wall=299.4s cost=N/A
  [RUN]  decstar | visitall/instance-03.pddl ...
  [SUCCESS] lama | visitall/instance-19.pddl | wall=82.0s cost=5351
  [RUN]  lama | snake/instance-01.pddl ...
  [TIMEOUT] madagascar | visitall/instance-02.pddl | wall=300.0s cost=N/A
  [RUN]  madagascar | visitall/instance-03.pddl ...
  [SUCCESS] lama | snake/instance-01.pddl | wall=6.3s cost=51
  [RUN]  lama | snake/instance-02.pddl ...
  [SUCCESS] bfws | snake/instance-08.pddl | wall=202.0s cost=177
  [RUN]  bfws | snake/instance-09.pddl ...
  [SUCCESS] lama | snake/instance-02.pddl | wall=158.8s cost=138
  [RUN]  lama | snake/instance-03.pddl ...
  [ MEMOUT] decstar | visitall/instance-03.pddl | wall=299.8s cost=N/A
  [RUN]  decstar | visitall/instance-04.pddl ...
  [TIMEOUT] madagascar | visitall/instance-03.pddl | wall=300.0s cost=N/A
  [RUN]  madagascar | visitall/instance-04.pddl ...
  [SUCCESS] bfws | snake/instance-09.pddl | wall=273.6s cost=157
  [RUN]  bfws | snake/instance-11.pddl ...
  [TIMEOUT] lama | snake/instance-03.pddl | wall=300.0s cost=N/A
  [RUN]  lama | snake/instance-04.pddl ...
  [ MEMOUT] decstar | visitall/instance-04.pddl | wall=299.6s cost=N/A
  [RUN]  decstar | visitall/instance-07.pddl ...
  [TIMEOUT] madagascar | visitall/instance-04.pddl | wall=300.0s cost=N/A
  [RUN]  madagascar | visitall/instance-07.pddl ...
  [TIMEOUT] bfws | snake/instance-11.pddl | wall=300.0s cost=N/A
  [RUN]  bfws | snake/instance-12.pddl ...
  [TIMEOUT] lama | snake/instance-04.pddl | wall=300.0s cost=N/A
  [RUN]  lama | snake/instance-07.pddl ...
  [ MEMOUT] decstar | visitall/instance-07.pddl | wall=299.1s cost=N/A
  [RUN]  decstar | visitall/instance-08.pddl ...
  [TIMEOUT] madagascar | visitall/instance-07.pddl | wall=300.0s cost=N/A
  [RUN]  madagascar | visitall/instance-08.pddl ...
  [TIMEOUT] bfws | snake/instance-12.pddl | wall=300.0s cost=N/A
  [RUN]  bfws | snake/instance-13.pddl ...
  [TIMEOUT] lama | snake/instance-07.pddl | wall=300.0s cost=N/A
  [RUN]  lama | snake/instance-08.pddl ...
  [ MEMOUT] decstar | visitall/instance-08.pddl | wall=299.2s cost=N/A
  [RUN]  decstar | visitall/instance-09.pddl ...
  [TIMEOUT] madagascar | visitall/instance-08.pddl | wall=300.0s cost=N/A
  [RUN]  madagascar | visitall/instance-09.pddl ...
  [TIMEOUT] bfws | snake/instance-13.pddl | wall=300.0s cost=N/A
  [RUN]  bfws | snake/instance-14.pddl ...
  [TIMEOUT] lama | snake/instance-08.pddl | wall=300.0s cost=N/A
  [RUN]  lama | snake/instance-09.pddl ...
  [ MEMOUT] decstar | visitall/instance-09.pddl | wall=299.4s cost=N/A
  [RUN]  decstar | visitall/instance-11.pddl ...
  [TIMEOUT] madagascar | visitall/instance-09.pddl | wall=300.0s cost=N/A
  [RUN]  madagascar | visitall/instance-11.pddl ...
  [TIMEOUT] bfws | snake/instance-14.pddl | wall=300.0s cost=N/A
  [RUN]  bfws | snake/instance-16.pddl ...
  [TIMEOUT] lama | snake/instance-09.pddl | wall=300.0s cost=N/A
  [RUN]  lama | snake/instance-11.pddl ...
  [ MEMOUT] decstar | visitall/instance-11.pddl | wall=299.1s cost=N/A
  [RUN]  decstar | visitall/instance-12.pddl ...
  [TIMEOUT] madagascar | visitall/instance-11.pddl | wall=300.0s cost=N/A
  [RUN]  madagascar | visitall/instance-12.pddl ...
  [TIMEOUT] bfws | snake/instance-16.pddl | wall=300.0s cost=N/A
  [RUN]  bfws | snake/instance-17.pddl ...
  [TIMEOUT] lama | snake/instance-11.pddl | wall=300.0s cost=N/A
  [RUN]  lama | snake/instance-12.pddl ...
  [ MEMOUT] decstar | visitall/instance-12.pddl | wall=299.4s cost=N/A
  [RUN]  decstar | visitall/instance-13.pddl ...
  [TIMEOUT] madagascar | visitall/instance-12.pddl | wall=300.0s cost=N/A
  [RUN]  madagascar | visitall/instance-13.pddl ...
  [TIMEOUT] bfws | snake/instance-17.pddl | wall=300.0s cost=N/A
  [RUN]  bfws | snake/instance-18.pddl ...
  [TIMEOUT] lama | snake/instance-12.pddl | wall=300.0s cost=N/A
  [RUN]  lama | snake/instance-13.pddl ...
  [ MEMOUT] decstar | visitall/instance-13.pddl | wall=299.3s cost=N/A
  [RUN]  decstar | visitall/instance-14.pddl ...
  [TIMEOUT] madagascar | visitall/instance-13.pddl | wall=300.0s cost=N/A
  [RUN]  madagascar | visitall/instance-14.pddl ...
  [TIMEOUT] bfws | snake/instance-18.pddl | wall=300.0s cost=N/A
  [RUN]  bfws | snake/instance-19.pddl ...
  [ MEMOUT] decstar | visitall/instance-14.pddl | wall=299.0s cost=N/A
  [RUN]  decstar | visitall/instance-16.pddl ...
  [TIMEOUT] lama | snake/instance-13.pddl | wall=300.0s cost=N/A
  [RUN]  lama | snake/instance-14.pddl ...
  [TIMEOUT] madagascar | visitall/instance-14.pddl | wall=300.0s cost=N/A
  [RUN]  madagascar | visitall/instance-16.pddl ...
  [TIMEOUT] bfws | snake/instance-19.pddl | wall=300.0s cost=N/A
  [RUN]  bfws | ricochet-robots/instance-01.pddl ...
  [ MEMOUT] decstar | visitall/instance-16.pddl | wall=299.5s cost=N/A
  [RUN]  decstar | visitall/instance-17.pddl ...
  [TIMEOUT] lama | snake/instance-14.pddl | wall=300.0s cost=N/A
  [RUN]  lama | snake/instance-16.pddl ...
  [SUCCESS] bfws | ricochet-robots/instance-01.pddl | wall=133.2s cost=224
  [RUN]  bfws | ricochet-robots/instance-02.pddl ...
  [TIMEOUT] madagascar | visitall/instance-16.pddl | wall=300.0s cost=N/A
  [RUN]  madagascar | visitall/instance-17.pddl ...
  [ MEMOUT] decstar | visitall/instance-17.pddl | wall=299.5s cost=N/A
  [RUN]  decstar | visitall/instance-18.pddl ...
  [SUCCESS] bfws | ricochet-robots/instance-02.pddl | wall=221.6s cost=252
  [RUN]  bfws | ricochet-robots/instance-03.pddl ...
  [TIMEOUT] lama | snake/instance-16.pddl | wall=300.0s cost=N/A
  [RUN]  lama | snake/instance-17.pddl ...
  [SUCCESS] bfws | ricochet-robots/instance-03.pddl | wall=11.6s cost=182
  [RUN]  bfws | ricochet-robots/instance-04.pddl ...
  [TIMEOUT] madagascar | visitall/instance-17.pddl | wall=300.0s cost=N/A
  [RUN]  madagascar | visitall/instance-18.pddl ...
  [ MEMOUT] decstar | visitall/instance-18.pddl | wall=299.7s cost=N/A
  [RUN]  decstar | visitall/instance-19.pddl ...
  [TIMEOUT] lama | snake/instance-17.pddl | wall=300.0s cost=N/A
  [RUN]  lama | snake/instance-18.pddl ...
  [TIMEOUT] bfws | ricochet-robots/instance-04.pddl | wall=300.0s cost=N/A
  [RUN]  bfws | ricochet-robots/instance-07.pddl ...
  [TIMEOUT] madagascar | visitall/instance-18.pddl | wall=300.0s cost=N/A
  [RUN]  madagascar | visitall/instance-19.pddl ...
  [SUCCESS] bfws | ricochet-robots/instance-07.pddl | wall=154.7s cost=430
  [RUN]  bfws | ricochet-robots/instance-08.pddl ...
  [SUCCESS] bfws | ricochet-robots/instance-08.pddl | wall=35.8s cost=254
  [RUN]  bfws | ricochet-robots/instance-09.pddl ...
  [SUCCESS] bfws | ricochet-robots/instance-09.pddl | wall=34.6s cost=192
  [RUN]  bfws | ricochet-robots/instance-11.pddl ...
  [ MEMOUT] decstar | visitall/instance-19.pddl | wall=299.8s cost=N/A
  [RUN]  decstar | snake/instance-01.pddl ...
  [SUCCESS] decstar | snake/instance-01.pddl | wall=4.9s cost=65
  [RUN]  decstar | snake/instance-02.pddl ...
  [TIMEOUT] lama | snake/instance-18.pddl | wall=300.0s cost=N/A
  [RUN]  lama | snake/instance-19.pddl ...
  [SUCCESS] decstar | snake/instance-02.pddl | wall=114.9s cost=160
  [RUN]  decstar | snake/instance-03.pddl ...
  [TIMEOUT] madagascar | visitall/instance-19.pddl | wall=300.0s cost=N/A
  [RUN]  madagascar | snake/instance-01.pddl ...
  [SUCCESS] madagascar | snake/instance-01.pddl | wall=5.1s cost=55
  [RUN]  madagascar | snake/instance-02.pddl ...
  [SUCCESS] madagascar | snake/instance-02.pddl | wall=54.9s cost=74
  [RUN]  madagascar | snake/instance-03.pddl ...
  [SUCCESS] decstar | snake/instance-03.pddl | wall=177.1s cost=165
  [RUN]  decstar | snake/instance-04.pddl ...
  [TIMEOUT] bfws | ricochet-robots/instance-11.pddl | wall=300.0s cost=N/A
  [RUN]  bfws | ricochet-robots/instance-12.pddl ...
  [SUCCESS] madagascar | snake/instance-03.pddl | wall=52.0s cost=57
  [RUN]  madagascar | snake/instance-04.pddl ...
  [TIMEOUT] lama | snake/instance-19.pddl | wall=300.0s cost=N/A
  [RUN]  lama | ricochet-robots/instance-01.pddl ...
  [SUCCESS] bfws | ricochet-robots/instance-12.pddl | wall=138.0s cost=405
  [RUN]  bfws | ricochet-robots/instance-13.pddl ...
  [SUCCESS] lama | ricochet-robots/instance-01.pddl | wall=196.6s cost=80
  [RUN]  lama | ricochet-robots/instance-02.pddl ...
  [ MEMOUT] decstar | snake/instance-04.pddl | wall=299.2s cost=N/A
  [RUN]  decstar | snake/instance-07.pddl ...
  [TIMEOUT] madagascar | snake/instance-04.pddl | wall=300.0s cost=N/A
  [RUN]  madagascar | snake/instance-07.pddl ...
  [SUCCESS] madagascar | snake/instance-07.pddl | wall=18.6s cost=79
  [RUN]  madagascar | snake/instance-08.pddl ...
  [SUCCESS] bfws | ricochet-robots/instance-13.pddl | wall=295.3s cost=396
  [RUN]  bfws | ricochet-robots/instance-14.pddl ...
  [SUCCESS] lama | ricochet-robots/instance-02.pddl | wall=282.6s cost=238
  [RUN]  lama | ricochet-robots/instance-03.pddl ...
  [ MEMOUT] decstar | snake/instance-07.pddl | wall=300.2s cost=N/A
  [RUN]  decstar | snake/instance-08.pddl ...
  [SUCCESS] lama | ricochet-robots/instance-03.pddl | wall=109.1s cost=224
  [RUN]  lama | ricochet-robots/instance-04.pddl ...
  [TIMEOUT] madagascar | snake/instance-08.pddl | wall=300.0s cost=N/A
  [RUN]  madagascar | snake/instance-09.pddl ...
  [TIMEOUT] bfws | ricochet-robots/instance-14.pddl | wall=300.0s cost=N/A
  [RUN]  bfws | ricochet-robots/instance-16.pddl ...
  [ MEMOUT] decstar | snake/instance-08.pddl | wall=299.6s cost=N/A
  [RUN]  decstar | snake/instance-09.pddl ...
  [TIMEOUT] lama | ricochet-robots/instance-04.pddl | wall=300.0s cost=N/A
  [RUN]  lama | ricochet-robots/instance-07.pddl ...
  [TIMEOUT] madagascar | snake/instance-09.pddl | wall=300.0s cost=N/A
  [RUN]  madagascar | snake/instance-11.pddl ...
  [SUCCESS] madagascar | snake/instance-11.pddl | wall=52.3s cost=103
  [RUN]  madagascar | snake/instance-12.pddl ...
  [TIMEOUT] bfws | ricochet-robots/instance-16.pddl | wall=300.0s cost=N/A
  [RUN]  bfws | ricochet-robots/instance-17.pddl ...
  [SUCCESS] lama | ricochet-robots/instance-07.pddl | wall=91.2s cost=304
  [RUN]  lama | ricochet-robots/instance-08.pddl ...
  [ MEMOUT] decstar | snake/instance-09.pddl | wall=299.8s cost=N/A
  [RUN]  decstar | snake/instance-11.pddl ...
  [SUCCESS] madagascar | snake/instance-12.pddl | wall=314.1s cost=158
  [RUN]  madagascar | snake/instance-13.pddl ...
  [TIMEOUT] bfws | ricochet-robots/instance-17.pddl | wall=300.0s cost=N/A
  [RUN]  bfws | ricochet-robots/instance-18.pddl ...
  [TIMEOUT] lama | ricochet-robots/instance-08.pddl | wall=300.0s cost=N/A
  [RUN]  lama | ricochet-robots/instance-09.pddl ...
  [ MEMOUT] decstar | snake/instance-11.pddl | wall=300.4s cost=N/A
  [RUN]  decstar | snake/instance-12.pddl ...
  [TIMEOUT] madagascar | snake/instance-13.pddl | wall=300.0s cost=N/A
  [RUN]  madagascar | snake/instance-14.pddl ...
  [TIMEOUT] bfws | ricochet-robots/instance-18.pddl | wall=300.0s cost=N/A
  [RUN]  bfws | ricochet-robots/instance-19.pddl ...
  [TIMEOUT] lama | ricochet-robots/instance-09.pddl | wall=300.0s cost=N/A
  [RUN]  lama | ricochet-robots/instance-11.pddl ...
  [ MEMOUT] decstar | snake/instance-12.pddl | wall=299.8s cost=N/A
  [RUN]  decstar | snake/instance-13.pddl ...
  [TIMEOUT] madagascar | snake/instance-14.pddl | wall=300.0s cost=N/A
  [RUN]  madagascar | snake/instance-16.pddl ...
  [TIMEOUT] bfws | ricochet-robots/instance-19.pddl | wall=300.0s cost=N/A
  [RUN]  bfws | depots/instance-01.pddl ...
  [SUCCESS] bfws | depots/instance-01.pddl | wall=0.5s cost=13
  [RUN]  bfws | depots/instance-02.pddl ...
  [SUCCESS] bfws | depots/instance-02.pddl | wall=0.6s cost=16
  [RUN]  bfws | depots/instance-03.pddl ...
  [SUCCESS] bfws | depots/instance-03.pddl | wall=0.8s cost=57
  [RUN]  bfws | depots/instance-04.pddl ...
  [SUCCESS] bfws | depots/instance-04.pddl | wall=0.6s cost=32
  [RUN]  bfws | depots/instance-07.pddl ...
  [SUCCESS] bfws | depots/instance-07.pddl | wall=0.6s cost=45
  [RUN]  bfws | depots/instance-08.pddl ...
  [SUCCESS] bfws | depots/instance-08.pddl | wall=0.8s cost=68
  [RUN]  bfws | depots/instance-09.pddl ...
  [TIMEOUT] lama | ricochet-robots/instance-11.pddl | wall=300.0s cost=N/A
  [RUN]  lama | ricochet-robots/instance-12.pddl ...
  [SUCCESS] bfws | depots/instance-09.pddl | wall=22.8s cost=116
  [RUN]  bfws | depots/instance-11.pddl ...
  [SUCCESS] bfws | depots/instance-11.pddl | wall=1.0s cost=110
  [RUN]  bfws | depots/instance-12.pddl ...
  [SUCCESS] bfws | depots/instance-12.pddl | wall=1.9s cost=131
  [RUN]  bfws | depots/instance-13.pddl ...
  [SUCCESS] bfws | depots/instance-13.pddl | wall=0.7s cost=30
  [RUN]  bfws | depots/instance-14.pddl ...
  [SUCCESS] bfws | depots/instance-14.pddl | wall=1.1s cost=65
  [RUN]  bfws | depots/instance-16.pddl ...
  [SUCCESS] bfws | depots/instance-16.pddl | wall=0.8s cost=28
  [RUN]  bfws | depots/instance-17.pddl ...
  [SUCCESS] bfws | depots/instance-17.pddl | wall=1.3s cost=48
  [RUN]  bfws | depots/instance-18.pddl ...
  [SUCCESS] bfws | depots/instance-18.pddl | wall=2.2s cost=104
  [RUN]  bfws | depots/instance-19.pddl ...
  [SUCCESS] bfws | depots/instance-19.pddl | wall=9.5s cost=64
  [RUN]  bfws | barman/instance-01.pddl ...
  [ MEMOUT] decstar | snake/instance-13.pddl | wall=300.3s cost=N/A
  [RUN]  decstar | snake/instance-14.pddl ...
  [SUCCESS] bfws | barman/instance-01.pddl | wall=42.0s cost=195
  [RUN]  bfws | barman/instance-02.pddl ...
  [SUCCESS] bfws | barman/instance-02.pddl | wall=53.7s cost=222
  [RUN]  bfws | barman/instance-03.pddl ...
  [SUCCESS] bfws | barman/instance-03.pddl | wall=57.5s cost=261
  [RUN]  bfws | barman/instance-04.pddl ...
  [SUCCESS] bfws | barman/instance-04.pddl | wall=33.7s cost=222
  [RUN]  bfws | barman/instance-07.pddl ...
  [SUCCESS] bfws | barman/instance-07.pddl | wall=58.9s cost=201
  [RUN]  bfws | barman/instance-08.pddl ...
  [TIMEOUT] madagascar | snake/instance-16.pddl | wall=300.0s cost=N/A
  [RUN]  madagascar | snake/instance-17.pddl ...
  [TIMEOUT] lama | ricochet-robots/instance-12.pddl | wall=300.0s cost=N/A
  [RUN]  lama | ricochet-robots/instance-13.pddl ...
  [SUCCESS] bfws | barman/instance-08.pddl | wall=81.3s cost=273
  [RUN]  bfws | barman/instance-09.pddl ...
  [ MEMOUT] decstar | snake/instance-14.pddl | wall=299.4s cost=N/A
  [RUN]  decstar | snake/instance-16.pddl ...
  [SUCCESS] bfws | barman/instance-09.pddl | wall=24.1s cost=186
  [RUN]  bfws | barman/instance-11.pddl ...
  [SUCCESS] lama | ricochet-robots/instance-13.pddl | wall=69.5s cost=176
  [RUN]  lama | ricochet-robots/instance-14.pddl ...
  [SUCCESS] bfws | barman/instance-11.pddl | wall=57.3s cost=234
  [RUN]  bfws | barman/instance-12.pddl ...
  [SUCCESS] bfws | barman/instance-12.pddl | wall=50.0s cost=241
  [RUN]  bfws | barman/instance-13.pddl ...
  [TIMEOUT] madagascar | snake/instance-17.pddl | wall=300.0s cost=N/A
  [RUN]  madagascar | snake/instance-18.pddl ...
  [SUCCESS] bfws | barman/instance-13.pddl | wall=137.9s cost=207
  [RUN]  bfws | barman/instance-14.pddl ...
  [SUCCESS] bfws | barman/instance-14.pddl | wall=27.7s cost=208
  [RUN]  bfws | barman/instance-16.pddl ...
  [ MEMOUT] decstar | snake/instance-16.pddl | wall=299.7s cost=N/A
  [RUN]  decstar | snake/instance-17.pddl ...
  [TIMEOUT] lama | ricochet-robots/instance-14.pddl | wall=300.0s cost=N/A
  [RUN]  lama | ricochet-robots/instance-16.pddl ...
  [SUCCESS] bfws | barman/instance-16.pddl | wall=50.3s cost=198
  [RUN]  bfws | barman/instance-17.pddl ...
  [SUCCESS] bfws | barman/instance-17.pddl | wall=21.1s cost=194
  [RUN]  bfws | barman/instance-18.pddl ...
  [SUCCESS] bfws | barman/instance-18.pddl | wall=41.0s cost=228
  [RUN]  bfws | barman/instance-19.pddl ...
  [SUCCESS] bfws | barman/instance-19.pddl | wall=59.1s cost=236

[DONE] bfws finished: SUCCESS=60 TIMEOUT=15 MEMOUT=0 FAILURE=0
  [TIMEOUT] madagascar | snake/instance-18.pddl | wall=300.0s cost=N/A
  [RUN]  madagascar | snake/instance-19.pddl ...
  [ MEMOUT] decstar | snake/instance-17.pddl | wall=300.2s cost=N/A
  [RUN]  decstar | snake/instance-18.pddl ...
  [TIMEOUT] lama | ricochet-robots/instance-16.pddl | wall=300.0s cost=N/A
  [RUN]  lama | ricochet-robots/instance-17.pddl ...
  [TIMEOUT] madagascar | snake/instance-19.pddl | wall=300.0s cost=N/A
  [RUN]  madagascar | ricochet-robots/instance-01.pddl ...
  [ MEMOUT] decstar | snake/instance-18.pddl | wall=300.1s cost=N/A
  [RUN]  decstar | snake/instance-19.pddl ...
  [TIMEOUT] lama | ricochet-robots/instance-17.pddl | wall=300.0s cost=N/A
  [RUN]  lama | ricochet-robots/instance-18.pddl ...
  [TIMEOUT] madagascar | ricochet-robots/instance-01.pddl | wall=300.0s cost=N/A
  [RUN]  madagascar | ricochet-robots/instance-02.pddl ...
  [ MEMOUT] decstar | snake/instance-19.pddl | wall=299.4s cost=N/A
  [RUN]  decstar | ricochet-robots/instance-01.pddl ...
  [TIMEOUT] lama | ricochet-robots/instance-18.pddl | wall=300.0s cost=N/A
  [RUN]  lama | ricochet-robots/instance-19.pddl ...
  [FAILURE] decstar | ricochet-robots/instance-01.pddl | wall=299.9s cost=N/A
  [RUN]  decstar | ricochet-robots/instance-02.pddl ...
  [TIMEOUT] madagascar | ricochet-robots/instance-02.pddl | wall=300.0s cost=N/A
  [RUN]  madagascar | ricochet-robots/instance-03.pddl ...
  [TIMEOUT] lama | ricochet-robots/instance-19.pddl | wall=300.0s cost=N/A
  [RUN]  lama | depots/instance-01.pddl ...
  [SUCCESS] lama | depots/instance-01.pddl | wall=0.6s cost=10
  [RUN]  lama | depots/instance-02.pddl ...
  [SUCCESS] lama | depots/instance-02.pddl | wall=0.7s cost=16
  [RUN]  lama | depots/instance-03.pddl ...
  [SUCCESS] lama | depots/instance-03.pddl | wall=0.8s cost=33
  [RUN]  lama | depots/instance-04.pddl ...
  [SUCCESS] lama | depots/instance-04.pddl | wall=0.8s cost=58
  [RUN]  lama | depots/instance-07.pddl ...
  [SUCCESS] lama | depots/instance-07.pddl | wall=0.8s cost=23
  [RUN]  lama | depots/instance-08.pddl ...
  [SUCCESS] lama | depots/instance-08.pddl | wall=1.2s cost=59
  [RUN]  lama | depots/instance-09.pddl ...
  [SUCCESS] lama | depots/instance-09.pddl | wall=3.1s cost=124
  [RUN]  lama | depots/instance-11.pddl ...
  [SUCCESS] lama | depots/instance-11.pddl | wall=2.5s cost=95
  [RUN]  lama | depots/instance-12.pddl ...
  [SUCCESS] lama | depots/instance-12.pddl | wall=6.2s cost=86
  [RUN]  lama | depots/instance-13.pddl ...
  [SUCCESS] lama | depots/instance-13.pddl | wall=0.9s cost=28
  [RUN]  lama | depots/instance-14.pddl ...
  [SUCCESS] lama | depots/instance-14.pddl | wall=1.1s cost=35
  [RUN]  lama | depots/instance-16.pddl ...
  [SUCCESS] lama | depots/instance-16.pddl | wall=0.9s cost=27
  [RUN]  lama | depots/instance-17.pddl ...
  [SUCCESS] lama | depots/instance-17.pddl | wall=1.3s cost=26
  [RUN]  lama | depots/instance-18.pddl ...
  [SUCCESS] lama | depots/instance-18.pddl | wall=5.3s cost=71
  [RUN]  lama | depots/instance-19.pddl ...
  [SUCCESS] lama | depots/instance-19.pddl | wall=2.3s cost=40
  [RUN]  lama | barman/instance-01.pddl ...
  [SUCCESS] lama | barman/instance-01.pddl | wall=1.9s cost=240
  [RUN]  lama | barman/instance-02.pddl ...
  [SUCCESS] lama | barman/instance-02.pddl | wall=1.9s cost=221
  [RUN]  lama | barman/instance-03.pddl ...
  [SUCCESS] lama | barman/instance-03.pddl | wall=2.1s cost=168
  [RUN]  lama | barman/instance-04.pddl ...
  [SUCCESS] lama | barman/instance-04.pddl | wall=15.4s cost=258
  [RUN]  lama | barman/instance-07.pddl ...
  [SUCCESS] lama | barman/instance-07.pddl | wall=2.3s cost=218
  [RUN]  lama | barman/instance-08.pddl ...
  [SUCCESS] lama | barman/instance-08.pddl | wall=3.5s cost=235
  [RUN]  lama | barman/instance-09.pddl ...
  [SUCCESS] lama | barman/instance-09.pddl | wall=3.3s cost=223
  [RUN]  lama | barman/instance-11.pddl ...
  [SUCCESS] lama | barman/instance-11.pddl | wall=3.2s cost=222
  [RUN]  lama | barman/instance-12.pddl ...
  [SUCCESS] lama | barman/instance-12.pddl | wall=3.6s cost=196
  [RUN]  lama | barman/instance-13.pddl ...
  [SUCCESS] lama | barman/instance-13.pddl | wall=4.8s cost=310
  [RUN]  lama | barman/instance-14.pddl ...
  [SUCCESS] lama | barman/instance-14.pddl | wall=1.7s cost=212
  [RUN]  lama | barman/instance-16.pddl ...
  [SUCCESS] lama | barman/instance-16.pddl | wall=3.1s cost=223
  [RUN]  lama | barman/instance-17.pddl ...
  [SUCCESS] lama | barman/instance-17.pddl | wall=1.6s cost=203
  [RUN]  lama | barman/instance-18.pddl ...
  [SUCCESS] lama | barman/instance-18.pddl | wall=1.9s cost=217
  [RUN]  lama | barman/instance-19.pddl ...
  [SUCCESS] lama | barman/instance-19.pddl | wall=3.2s cost=238

[DONE] lama finished: SUCCESS=52 TIMEOUT=23 MEMOUT=0 FAILURE=0
  [SUCCESS] decstar | ricochet-robots/instance-02.pddl | wall=237.1s cost=245
  [RUN]  decstar | ricochet-robots/instance-03.pddl ...
  [SUCCESS] decstar | ricochet-robots/instance-03.pddl | wall=7.2s cost=144
  [RUN]  decstar | ricochet-robots/instance-04.pddl ...
  [TIMEOUT] madagascar | ricochet-robots/instance-03.pddl | wall=300.0s cost=N/A
  [RUN]  madagascar | ricochet-robots/instance-04.pddl ...
  [FAILURE] decstar | ricochet-robots/instance-04.pddl | wall=298.9s cost=N/A
  [RUN]  decstar | ricochet-robots/instance-07.pddl ...
  [SUCCESS] decstar | ricochet-robots/instance-07.pddl | wall=65.4s cost=322
  [RUN]  decstar | ricochet-robots/instance-08.pddl ...
  [TIMEOUT] madagascar | ricochet-robots/instance-04.pddl | wall=300.0s cost=N/A
  [RUN]  madagascar | ricochet-robots/instance-07.pddl ...
  [FAILURE] decstar | ricochet-robots/instance-08.pddl | wall=299.7s cost=N/A
  [RUN]  decstar | ricochet-robots/instance-09.pddl ...
  [SUCCESS] decstar | ricochet-robots/instance-09.pddl | wall=16.7s cost=237
  [RUN]  decstar | ricochet-robots/instance-11.pddl ...
  [TIMEOUT] madagascar | ricochet-robots/instance-07.pddl | wall=300.0s cost=N/A
  [RUN]  madagascar | ricochet-robots/instance-08.pddl ...
  [FAILURE] decstar | ricochet-robots/instance-11.pddl | wall=299.8s cost=N/A
  [RUN]  decstar | ricochet-robots/instance-12.pddl ...
  [TIMEOUT] madagascar | ricochet-robots/instance-08.pddl | wall=300.0s cost=N/A
  [RUN]  madagascar | ricochet-robots/instance-09.pddl ...
  [FAILURE] decstar | ricochet-robots/instance-12.pddl | wall=299.8s cost=N/A
  [RUN]  decstar | ricochet-robots/instance-13.pddl ...
  [SUCCESS] decstar | ricochet-robots/instance-13.pddl | wall=21.3s cost=202
  [RUN]  decstar | ricochet-robots/instance-14.pddl ...
  [TIMEOUT] madagascar | ricochet-robots/instance-09.pddl | wall=300.0s cost=N/A
  [RUN]  madagascar | ricochet-robots/instance-11.pddl ...
  [FAILURE] decstar | ricochet-robots/instance-14.pddl | wall=298.8s cost=N/A
  [RUN]  decstar | ricochet-robots/instance-16.pddl ...
  [TIMEOUT] madagascar | ricochet-robots/instance-11.pddl | wall=300.0s cost=N/A
  [RUN]  madagascar | ricochet-robots/instance-12.pddl ...
  [FAILURE] decstar | ricochet-robots/instance-16.pddl | wall=299.8s cost=N/A
  [RUN]  decstar | ricochet-robots/instance-17.pddl ...
  [TIMEOUT] madagascar | ricochet-robots/instance-12.pddl | wall=300.0s cost=N/A
  [RUN]  madagascar | ricochet-robots/instance-13.pddl ...
  [FAILURE] decstar | ricochet-robots/instance-17.pddl | wall=298.9s cost=N/A
  [RUN]  decstar | ricochet-robots/instance-18.pddl ...
  [TIMEOUT] madagascar | ricochet-robots/instance-13.pddl | wall=300.0s cost=N/A
  [RUN]  madagascar | ricochet-robots/instance-14.pddl ...
  [ MEMOUT] decstar | ricochet-robots/instance-18.pddl | wall=299.0s cost=N/A
  [RUN]  decstar | ricochet-robots/instance-19.pddl ...
  [TIMEOUT] madagascar | ricochet-robots/instance-14.pddl | wall=300.0s cost=N/A
  [RUN]  madagascar | ricochet-robots/instance-16.pddl ...
  [ MEMOUT] decstar | ricochet-robots/instance-19.pddl | wall=299.3s cost=N/A
  [RUN]  decstar | depots/instance-01.pddl ...
  [SUCCESS] decstar | depots/instance-01.pddl | wall=0.9s cost=10
  [RUN]  decstar | depots/instance-02.pddl ...
  [SUCCESS] decstar | depots/instance-02.pddl | wall=1.0s cost=17
  [RUN]  decstar | depots/instance-03.pddl ...
  [SUCCESS] decstar | depots/instance-03.pddl | wall=1.2s cost=33
  [RUN]  decstar | depots/instance-04.pddl ...
  [SUCCESS] decstar | depots/instance-04.pddl | wall=1.8s cost=84
  [RUN]  decstar | depots/instance-07.pddl ...
  [SUCCESS] decstar | depots/instance-07.pddl | wall=1.2s cost=21
  [RUN]  decstar | depots/instance-08.pddl ...
  [SUCCESS] decstar | depots/instance-08.pddl | wall=1.7s cost=38
  [RUN]  decstar | depots/instance-09.pddl ...
  [SUCCESS] decstar | depots/instance-09.pddl | wall=53.7s cost=214
  [RUN]  decstar | depots/instance-11.pddl ...
  [SUCCESS] decstar | depots/instance-11.pddl | wall=2.5s cost=91
  [RUN]  decstar | depots/instance-12.pddl ...
  [TIMEOUT] madagascar | ricochet-robots/instance-16.pddl | wall=300.0s cost=N/A
  [RUN]  madagascar | ricochet-robots/instance-17.pddl ...
  [SUCCESS] decstar | depots/instance-12.pddl | wall=89.3s cost=156
  [RUN]  decstar | depots/instance-13.pddl ...
  [SUCCESS] decstar | depots/instance-13.pddl | wall=1.5s cost=27
  [RUN]  decstar | depots/instance-14.pddl ...
  [SUCCESS] decstar | depots/instance-14.pddl | wall=1.9s cost=39
  [RUN]  decstar | depots/instance-16.pddl ...
  [SUCCESS] decstar | depots/instance-16.pddl | wall=1.7s cost=36
  [RUN]  decstar | depots/instance-17.pddl ...
  [SUCCESS] decstar | depots/instance-17.pddl | wall=1.9s cost=38
  [RUN]  decstar | depots/instance-18.pddl ...
  [SUCCESS] decstar | depots/instance-18.pddl | wall=2.1s cost=60
  [RUN]  decstar | depots/instance-19.pddl ...
  [SUCCESS] decstar | depots/instance-19.pddl | wall=2.3s cost=51
  [RUN]  decstar | barman/instance-01.pddl ...
  [TIMEOUT] madagascar | ricochet-robots/instance-17.pddl | wall=300.0s cost=N/A
  [RUN]  madagascar | ricochet-robots/instance-18.pddl ...
  [ MEMOUT] decstar | barman/instance-01.pddl | wall=299.1s cost=N/A
  [RUN]  decstar | barman/instance-02.pddl ...
  [TIMEOUT] madagascar | ricochet-robots/instance-18.pddl | wall=300.0s cost=N/A
  [RUN]  madagascar | ricochet-robots/instance-19.pddl ...
  [ MEMOUT] decstar | barman/instance-02.pddl | wall=299.3s cost=N/A
  [RUN]  decstar | barman/instance-03.pddl ...
  [SUCCESS] decstar | barman/instance-03.pddl | wall=114.9s cost=160
  [RUN]  decstar | barman/instance-04.pddl ...
  [TIMEOUT] madagascar | ricochet-robots/instance-19.pddl | wall=300.0s cost=N/A
  [RUN]  madagascar | depots/instance-01.pddl ...
  [SUCCESS] madagascar | depots/instance-01.pddl | wall=0.4s cost=11
  [RUN]  madagascar | depots/instance-02.pddl ...
  [SUCCESS] madagascar | depots/instance-02.pddl | wall=0.5s cost=17
  [RUN]  madagascar | depots/instance-03.pddl ...
  [SUCCESS] madagascar | depots/instance-03.pddl | wall=0.4s cost=33
  [RUN]  madagascar | depots/instance-04.pddl ...
  [SUCCESS] madagascar | depots/instance-04.pddl | wall=0.4s cost=48
  [RUN]  madagascar | depots/instance-07.pddl ...
  [SUCCESS] madagascar | depots/instance-07.pddl | wall=0.4s cost=23
  [RUN]  madagascar | depots/instance-08.pddl ...
  [SUCCESS] madagascar | depots/instance-08.pddl | wall=0.5s cost=52
  [RUN]  madagascar | depots/instance-09.pddl ...
  [SUCCESS] madagascar | depots/instance-09.pddl | wall=0.6s cost=92
  [RUN]  madagascar | depots/instance-11.pddl ...
  [SUCCESS] madagascar | depots/instance-11.pddl | wall=0.5s cost=68
  [RUN]  madagascar | depots/instance-12.pddl ...
  [SUCCESS] madagascar | depots/instance-12.pddl | wall=0.9s cost=93
  [RUN]  madagascar | depots/instance-13.pddl ...
  [SUCCESS] madagascar | depots/instance-13.pddl | wall=0.4s cost=28
  [RUN]  madagascar | depots/instance-14.pddl ...
  [SUCCESS] madagascar | depots/instance-14.pddl | wall=0.5s cost=42
  [RUN]  madagascar | depots/instance-16.pddl ...
  [SUCCESS] madagascar | depots/instance-16.pddl | wall=0.5s cost=35
  [RUN]  madagascar | depots/instance-17.pddl ...
  [SUCCESS] madagascar | depots/instance-17.pddl | wall=0.7s cost=31
  [RUN]  madagascar | depots/instance-18.pddl ...
  [SUCCESS] madagascar | depots/instance-18.pddl | wall=1.0s cost=94
  [RUN]  madagascar | depots/instance-19.pddl ...
  [SUCCESS] madagascar | depots/instance-19.pddl | wall=0.6s cost=67
  [RUN]  madagascar | barman/instance-01.pddl ...
  [SUCCESS] decstar | barman/instance-04.pddl | wall=208.2s cost=217
  [RUN]  decstar | barman/instance-07.pddl ...
  [TIMEOUT] madagascar | barman/instance-01.pddl | wall=300.0s cost=N/A
  [RUN]  madagascar | barman/instance-02.pddl ...
  [ MEMOUT] decstar | barman/instance-07.pddl | wall=299.3s cost=N/A
  [RUN]  decstar | barman/instance-08.pddl ...
  [ MEMOUT] decstar | barman/instance-08.pddl | wall=299.3s cost=N/A
  [RUN]  decstar | barman/instance-09.pddl ...
  [TIMEOUT] madagascar | barman/instance-02.pddl | wall=300.0s cost=N/A
  [RUN]  madagascar | barman/instance-03.pddl ...
  [ MEMOUT] decstar | barman/instance-09.pddl | wall=299.1s cost=N/A
  [RUN]  decstar | barman/instance-11.pddl ...
  [TIMEOUT] madagascar | barman/instance-03.pddl | wall=300.0s cost=N/A
  [RUN]  madagascar | barman/instance-04.pddl ...
  [SUCCESS] madagascar | barman/instance-04.pddl | wall=72.8s cost=335
  [RUN]  madagascar | barman/instance-07.pddl ...
  [ MEMOUT] decstar | barman/instance-11.pddl | wall=299.4s cost=N/A
  [RUN]  decstar | barman/instance-12.pddl ...
  [TIMEOUT] madagascar | barman/instance-07.pddl | wall=300.0s cost=N/A
  [RUN]  madagascar | barman/instance-08.pddl ...
  [ MEMOUT] decstar | barman/instance-12.pddl | wall=299.7s cost=N/A
  [RUN]  decstar | barman/instance-13.pddl ...
  [TIMEOUT] madagascar | barman/instance-08.pddl | wall=300.0s cost=N/A
  [RUN]  madagascar | barman/instance-09.pddl ...
  [SUCCESS] madagascar | barman/instance-09.pddl | wall=25.0s cost=273
  [RUN]  madagascar | barman/instance-11.pddl ...
  [ MEMOUT] decstar | barman/instance-13.pddl | wall=299.4s cost=N/A
  [RUN]  decstar | barman/instance-14.pddl ...
  [SUCCESS] decstar | barman/instance-14.pddl | wall=78.2s cost=221
  [RUN]  decstar | barman/instance-16.pddl ...
  [TIMEOUT] madagascar | barman/instance-11.pddl | wall=300.0s cost=N/A
  [RUN]  madagascar | barman/instance-12.pddl ...
  [ MEMOUT] decstar | barman/instance-16.pddl | wall=299.3s cost=N/A
  [RUN]  decstar | barman/instance-17.pddl ...
  [SUCCESS] decstar | barman/instance-17.pddl | wall=2.8s cost=190
  [RUN]  decstar | barman/instance-18.pddl ...
  [TIMEOUT] madagascar | barman/instance-12.pddl | wall=300.0s cost=N/A
  [RUN]  madagascar | barman/instance-13.pddl ...
  [ MEMOUT] decstar | barman/instance-18.pddl | wall=299.1s cost=N/A
  [RUN]  decstar | barman/instance-19.pddl ...
  [TIMEOUT] madagascar | barman/instance-13.pddl | wall=300.0s cost=N/A
  [RUN]  madagascar | barman/instance-14.pddl ...
  [ MEMOUT] decstar | barman/instance-19.pddl | wall=299.5s cost=N/A

[DONE] decstar finished: SUCCESS=27 TIMEOUT=0 MEMOUT=40 FAILURE=8
  [TIMEOUT] madagascar | barman/instance-14.pddl | wall=300.0s cost=N/A
  [RUN]  madagascar | barman/instance-16.pddl ...
  [TIMEOUT] madagascar | barman/instance-16.pddl | wall=300.0s cost=N/A
  [RUN]  madagascar | barman/instance-17.pddl ...
  [SUCCESS] madagascar | barman/instance-17.pddl | wall=80.0s cost=273
  [RUN]  madagascar | barman/instance-18.pddl ...
  [SUCCESS] madagascar | barman/instance-18.pddl | wall=143.2s cost=291
  [RUN]  madagascar | barman/instance-19.pddl ...
  [TIMEOUT] madagascar | barman/instance-19.pddl | wall=300.0s cost=N/A

[DONE] madagascar finished: SUCCESS=25 TIMEOUT=50 MEMOUT=0 FAILURE=0

=================================================================
  Stage 0 complete -- 300/300 runs
  Total time: 4h 36m
=================================================================

[SUMMARY] Post-run summary saved to: /Users/danielehab/My Drive/ArchAware-PDDL-Configurator/logs/stage0/run_summaries/run_summary_1.md
