[2026-04-29T11:44:32Z] Last finished: N/A | Completed: 0/300 (0.0%) | Est. remaining: calculating...
[2026-04-29T11:45:32Z] Last finished: visitall/instance-07.pddl/lama | Completed: 12/300 (4.0%) | Est. remaining: 0h 23m
[2026-04-29T11:46:32Z] Last finished: visitall/instance-13.pddl/bfws | Completed: 16/300 (5.3%) | Est. remaining: 0h 35m
[2026-04-29T11:47:32Z] Last finished: visitall/instance-11.pddl/lama | Completed: 20/300 (6.7%) | Est. remaining: 0h 41m
[2026-04-29T11:48:32Z] Last finished: visitall/instance-18.pddl/bfws | Completed: 23/300 (7.7%) | Est. remaining: 0h 48m
[2026-04-29T11:49:32Z] Last finished: visitall/instance-13.pddl/lama | Completed: 26/300 (8.7%) | Est. remaining: 0h 52m
[2026-04-29T11:50:32Z] Last finished: snake/instance-03.pddl/bfws | Completed: 29/300 (9.7%) | Est. remaining: 0h 56m
[2026-04-29T11:51:32Z] Last finished: visitall/instance-16.pddl/lama | Completed: 32/300 (10.7%) | Est. remaining: 0h 58m
[2026-04-29T11:52:32Z] Last finished: snake/instance-04.pddl/bfws | Completed: 33/300 (11.0%) | Est. remaining: 1h 4m
[2026-04-29T11:53:32Z] Last finished: visitall/instance-17.pddl/lama | Completed: 34/300 (11.3%) | Est. remaining: 1h 10m
[2026-04-29T11:54:32Z] Last finished: visitall/instance-18.pddl/lama | Completed: 35/300 (11.7%) | Est. remaining: 1h 15m
[2026-04-29T11:55:32Z] Last finished: snake/instance-07.pddl/bfws | Completed: 36/300 (12.0%) | Est. remaining: 1h 20m
[2026-04-29T11:56:32Z] Last finished: snake/instance-01.pddl/lama | Completed: 38/300 (12.7%) | Est. remaining: 1h 22m
[2026-04-29T11:57:32Z] Last finished: visitall/instance-02.pddl/madagascar | Completed: 40/300 (13.3%) | Est. remaining: 1h 24m
[2026-04-29T11:58:32Z] Last finished: snake/instance-02.pddl/lama | Completed: 42/300 (14.0%) | Est. remaining: 1h 26m
[2026-04-29T11:59:32Z] Last finished: snake/instance-02.pddl/lama | Completed: 42/300 (14.0%) | Est. remaining: 1h 32m
[2026-04-29T12:00:32Z] Last finished: snake/instance-02.pddl/lama | Completed: 42/300 (14.0%) | Est. remaining: 1h 38m
[2026-04-29T12:01:32Z] Last finished: snake/instance-02.pddl/lama | Completed: 42/300 (14.0%) | Est. remaining: 1h 44m
[2026-04-29T12:02:32Z] Last finished: snake/instance-02.pddl/lama | Completed: 42/300 (14.0%) | Est. remaining: 1h 50m
[2026-04-29T12:03:32Z] Last finished: snake/instance-09.pddl/bfws | Completed: 45/300 (15.0%) | Est. remaining: 1h 47m
[2026-04-29T12:04:32Z] Last finished: snake/instance-03.pddl/lama | Completed: 46/300 (15.3%) | Est. remaining: 1h 50m
[2026-04-29T12:05:32Z] Last finished: snake/instance-03.pddl/lama | Completed: 46/300 (15.3%) | Est. remaining: 1h 55m
[2026-04-29T12:06:32Z] Last finished: snake/instance-03.pddl/lama | Completed: 46/300 (15.3%) | Est. remaining: 2h 1m
[2026-04-29T12:07:32Z] Last finished: snake/instance-03.pddl/lama | Completed: 46/300 (15.3%) | Est. remaining: 2h 7m
[2026-04-29T12:08:32Z] Last finished: snake/instance-11.pddl/bfws | Completed: 47/300 (15.7%) | Est. remaining: 2h 9m
[2026-04-29T12:09:32Z] Last finished: visitall/instance-04.pddl/madagascar | Completed: 49/300 (16.3%) | Est. remaining: 2h 8m
[2026-04-29T12:10:32Z] Last finished: snake/instance-04.pddl/lama | Completed: 50/300 (16.7%) | Est. remaining: 2h 10m
[2026-04-29T12:11:32Z] Last finished: snake/instance-04.pddl/lama | Completed: 50/300 (16.7%) | Est. remaining: 2h 15m
[2026-04-29T12:12:32Z] Last finished: snake/instance-04.pddl/lama | Completed: 50/300 (16.7%) | Est. remaining: 2h 20m
[2026-04-29T12:13:32Z] Last finished: snake/instance-04.pddl/lama | Completed: 50/300 (16.7%) | Est. remaining: 2h 25m
[2026-04-29T12:14:32Z] Last finished: snake/instance-12.pddl/bfws | Completed: 51/300 (17.0%) | Est. remaining: 2h 26m
[2026-04-29T12:15:32Z] Last finished: visitall/instance-07.pddl/madagascar | Completed: 53/300 (17.7%) | Est. remaining: 2h 24m
[2026-04-29T12:16:32Z] Last finished: snake/instance-07.pddl/lama | Completed: 54/300 (18.0%) | Est. remaining: 2h 25m
[2026-04-29T12:17:32Z] Last finished: snake/instance-07.pddl/lama | Completed: 54/300 (18.0%) | Est. remaining: 2h 30m
[2026-04-29T12:18:32Z] Last finished: snake/instance-07.pddl/lama | Completed: 54/300 (18.0%) | Est. remaining: 2h 34m
[2026-04-29T12:19:32Z] Last finished: snake/instance-07.pddl/lama | Completed: 54/300 (18.0%) | Est. remaining: 2h 39m
[2026-04-29T12:20:32Z] Last finished: snake/instance-13.pddl/bfws | Completed: 55/300 (18.3%) | Est. remaining: 2h 40m
[2026-04-29T12:21:32Z] Last finished: visitall/instance-08.pddl/madagascar | Completed: 57/300 (19.0%) | Est. remaining: 2h 37m
[2026-04-29T12:22:32Z] Last finished: snake/instance-08.pddl/lama | Completed: 58/300 (19.3%) | Est. remaining: 2h 38m
[2026-04-29T12:23:32Z] Last finished: snake/instance-08.pddl/lama | Completed: 58/300 (19.3%) | Est. remaining: 2h 42m
[2026-04-29T12:24:32Z] Last finished: snake/instance-08.pddl/lama | Completed: 58/300 (19.3%) | Est. remaining: 2h 46m
[2026-04-29T12:25:32Z] Last finished: snake/instance-08.pddl/lama | Completed: 58/300 (19.3%) | Est. remaining: 2h 51m
[2026-04-29T12:26:32Z] Last finished: visitall/instance-09.pddl/decstar | Completed: 60/300 (20.0%) | Est. remaining: 2h 48m
[2026-04-29T12:27:32Z] Last finished: visitall/instance-09.pddl/madagascar | Completed: 61/300 (20.3%) | Est. remaining: 2h 48m
[2026-04-29T12:28:32Z] Last finished: snake/instance-09.pddl/lama | Completed: 62/300 (20.7%) | Est. remaining: 2h 48m
[2026-04-29T12:29:32Z] Last finished: snake/instance-09.pddl/lama | Completed: 62/300 (20.7%) | Est. remaining: 2h 52m
[2026-04-29T12:30:32Z] Last finished: snake/instance-09.pddl/lama | Completed: 62/300 (20.7%) | Est. remaining: 2h 56m
[2026-04-29T12:31:32Z] Last finished: snake/instance-09.pddl/lama | Completed: 62/300 (20.7%) | Est. remaining: 3h 0m
[2026-04-29T12:32:32Z] Last finished: visitall/instance-11.pddl/decstar | Completed: 64/300 (21.3%) | Est. remaining: 2h 57m
[2026-04-29T12:33:32Z] Last finished: visitall/instance-11.pddl/madagascar | Completed: 65/300 (21.7%) | Est. remaining: 2h 57m
[2026-04-29T12:34:32Z] Last finished: snake/instance-11.pddl/lama | Completed: 66/300 (22.0%) | Est. remaining: 2h 57m
[2026-04-29T12:35:32Z] Last finished: snake/instance-11.pddl/lama | Completed: 66/300 (22.0%) | Est. remaining: 3h 0m
[2026-04-29T12:36:32Z] Last finished: snake/instance-11.pddl/lama | Completed: 66/300 (22.0%) | Est. remaining: 3h 4m
[2026-04-29T12:37:32Z] Last finished: snake/instance-11.pddl/lama | Completed: 66/300 (22.0%) | Est. remaining: 3h 7m
[2026-04-29T12:38:32Z] Last finished: visitall/instance-12.pddl/decstar | Completed: 68/300 (22.7%) | Est. remaining: 3h 4m
[2026-04-29T12:39:32Z] Last finished: visitall/instance-12.pddl/madagascar | Completed: 69/300 (23.0%) | Est. remaining: 3h 4m
[2026-04-29T12:40:32Z] Last finished: snake/instance-12.pddl/lama | Completed: 70/300 (23.3%) | Est. remaining: 3h 4m
[2026-04-29T12:41:32Z] Last finished: snake/instance-12.pddl/lama | Completed: 70/300 (23.3%) | Est. remaining: 3h 7m
[2026-04-29T12:42:32Z] Last finished: snake/instance-12.pddl/lama | Completed: 70/300 (23.3%) | Est. remaining: 3h 10m
[2026-04-29T12:43:32Z] Last finished: snake/instance-12.pddl/lama | Completed: 70/300 (23.3%) | Est. remaining: 3h 13m
[2026-04-29T12:44:32Z] Last finished: visitall/instance-13.pddl/decstar | Completed: 72/300 (24.0%) | Est. remaining: 3h 10m
[2026-04-29T12:45:32Z] Last finished: visitall/instance-13.pddl/madagascar | Completed: 73/300 (24.3%) | Est. remaining: 3h 9m
[2026-04-29T12:46:32Z] Last finished: snake/instance-13.pddl/lama | Completed: 74/300 (24.7%) | Est. remaining: 3h 9m
[2026-04-29T12:47:32Z] Last finished: snake/instance-13.pddl/lama | Completed: 74/300 (24.7%) | Est. remaining: 3h 12m
[2026-04-29T12:48:32Z] Last finished: snake/instance-13.pddl/lama | Completed: 74/300 (24.7%) | Est. remaining: 3h 15m
[2026-04-29T12:49:32Z] Last finished: snake/instance-13.pddl/lama | Completed: 74/300 (24.7%) | Est. remaining: 3h 18m
[2026-04-29T12:50:32Z] Last finished: visitall/instance-14.pddl/decstar | Completed: 76/300 (25.3%) | Est. remaining: 3h 14m
[2026-04-29T12:51:32Z] Last finished: visitall/instance-14.pddl/madagascar | Completed: 77/300 (25.7%) | Est. remaining: 3h 14m
[2026-04-29T12:52:32Z] Last finished: snake/instance-14.pddl/lama | Completed: 78/300 (26.0%) | Est. remaining: 3h 13m
[2026-04-29T12:53:32Z] Last finished: ricochet-robots/instance-01.pddl/bfws | Completed: 79/300 (26.3%) | Est. remaining: 3h 13m
[2026-04-29T12:54:32Z] Last finished: ricochet-robots/instance-01.pddl/bfws | Completed: 79/300 (26.3%) | Est. remaining: 3h 15m
[2026-04-29T12:55:32Z] Last finished: ricochet-robots/instance-01.pddl/bfws | Completed: 79/300 (26.3%) | Est. remaining: 3h 18m
[2026-04-29T12:56:32Z] Last finished: visitall/instance-16.pddl/decstar | Completed: 82/300 (27.3%) | Est. remaining: 3h 11m
[2026-04-29T12:57:32Z] Last finished: visitall/instance-16.pddl/madagascar | Completed: 83/300 (27.7%) | Est. remaining: 3h 10m
[2026-04-29T12:58:32Z] Last finished: snake/instance-16.pddl/lama | Completed: 84/300 (28.0%) | Est. remaining: 3h 10m
[2026-04-29T12:59:32Z] Last finished: snake/instance-16.pddl/lama | Completed: 84/300 (28.0%) | Est. remaining: 3h 12m
[2026-04-29T13:00:32Z] Last finished: snake/instance-16.pddl/lama | Completed: 84/300 (28.0%) | Est. remaining: 3h 15m
[2026-04-29T13:01:32Z] Last finished: snake/instance-16.pddl/lama | Completed: 84/300 (28.0%) | Est. remaining: 3h 18m
[2026-04-29T13:02:32Z] Last finished: visitall/instance-17.pddl/decstar | Completed: 86/300 (28.7%) | Est. remaining: 3h 14m
[2026-04-29T13:03:32Z] Last finished: visitall/instance-17.pddl/madagascar | Completed: 87/300 (29.0%) | Est. remaining: 3h 13m
[2026-04-29T13:04:32Z] Last finished: snake/instance-17.pddl/lama | Completed: 88/300 (29.3%) | Est. remaining: 3h 12m
[2026-04-29T13:05:32Z] Last finished: ricochet-robots/instance-08.pddl/bfws | Completed: 90/300 (30.0%) | Est. remaining: 3h 9m
[2026-04-29T13:06:32Z] Last finished: ricochet-robots/instance-09.pddl/bfws | Completed: 91/300 (30.3%) | Est. remaining: 3h 8m
[2026-04-29T13:07:32Z] Last finished: ricochet-robots/instance-09.pddl/bfws | Completed: 91/300 (30.3%) | Est. remaining: 3h 10m
[2026-04-29T13:08:32Z] Last finished: visitall/instance-18.pddl/decstar | Completed: 92/300 (30.7%) | Est. remaining: 3h 9m
[2026-04-29T13:09:32Z] Last finished: visitall/instance-18.pddl/madagascar | Completed: 93/300 (31.0%) | Est. remaining: 3h 9m
[2026-04-29T13:10:32Z] Last finished: snake/instance-18.pddl/lama | Completed: 94/300 (31.3%) | Est. remaining: 3h 8m
[2026-04-29T13:11:32Z] Last finished: snake/instance-18.pddl/lama | Completed: 94/300 (31.3%) | Est. remaining: 3h 10m
[2026-04-29T13:12:32Z] Last finished: ricochet-robots/instance-11.pddl/bfws | Completed: 95/300 (31.7%) | Est. remaining: 3h 9m
[2026-04-29T13:13:32Z] Last finished: ricochet-robots/instance-11.pddl/bfws | Completed: 95/300 (31.7%) | Est. remaining: 3h 12m
[2026-04-29T13:14:32Z] Last finished: visitall/instance-19.pddl/decstar | Completed: 97/300 (32.3%) | Est. remaining: 3h 8m
[2026-04-29T13:15:32Z] Last finished: snake/instance-01.pddl/madagascar | Completed: 100/300 (33.3%) | Est. remaining: 3h 2m
[2026-04-29T13:16:32Z] Last finished: snake/instance-19.pddl/lama | Completed: 103/300 (34.3%) | Est. remaining: 2h 55m
[2026-04-29T13:17:32Z] Last finished: snake/instance-03.pddl/madagascar | Completed: 104/300 (34.7%) | Est. remaining: 2h 55m
[2026-04-29T13:18:32Z] Last finished: ricochet-robots/instance-13.pddl/bfws | Completed: 105/300 (35.0%) | Est. remaining: 2h 54m
[2026-04-29T13:19:32Z] Last finished: snake/instance-03.pddl/decstar | Completed: 106/300 (35.3%) | Est. remaining: 2h 53m
[2026-04-29T13:20:32Z] Last finished: ricochet-robots/instance-01.pddl/lama | Completed: 107/300 (35.7%) | Est. remaining: 2h 53m
[2026-04-29T13:21:32Z] Last finished: ricochet-robots/instance-01.pddl/lama | Completed: 107/300 (35.7%) | Est. remaining: 2h 54m
[2026-04-29T13:22:32Z] Last finished: ricochet-robots/instance-01.pddl/lama | Completed: 107/300 (35.7%) | Est. remaining: 2h 56m
[2026-04-29T13:23:32Z] Last finished: snake/instance-07.pddl/madagascar | Completed: 109/300 (36.3%) | Est. remaining: 2h 53m
[2026-04-29T13:24:32Z] Last finished: ricochet-robots/instance-14.pddl/bfws | Completed: 111/300 (37.0%) | Est. remaining: 2h 50m
[2026-04-29T13:25:32Z] Last finished: snake/instance-04.pddl/decstar | Completed: 112/300 (37.3%) | Est. remaining: 2h 49m
[2026-04-29T13:26:32Z] Last finished: ricochet-robots/instance-03.pddl/lama | Completed: 113/300 (37.7%) | Est. remaining: 2h 48m
[2026-04-29T13:27:32Z] Last finished: ricochet-robots/instance-03.pddl/lama | Completed: 113/300 (37.7%) | Est. remaining: 2h 50m
[2026-04-29T13:28:32Z] Last finished: ricochet-robots/instance-03.pddl/lama | Completed: 113/300 (37.7%) | Est. remaining: 2h 52m
[2026-04-29T13:29:32Z] Last finished: snake/instance-08.pddl/madagascar | Completed: 114/300 (38.0%) | Est. remaining: 2h 51m
[2026-04-29T13:30:32Z] Last finished: ricochet-robots/instance-16.pddl/bfws | Completed: 115/300 (38.3%) | Est. remaining: 2h 50m
[2026-04-29T13:31:32Z] Last finished: snake/instance-07.pddl/decstar | Completed: 116/300 (38.7%) | Est. remaining: 2h 49m
[2026-04-29T13:32:32Z] Last finished: ricochet-robots/instance-04.pddl/lama | Completed: 117/300 (39.0%) | Est. remaining: 2h 48m
[2026-04-29T13:33:32Z] Last finished: ricochet-robots/instance-04.pddl/lama | Completed: 117/300 (39.0%) | Est. remaining: 2h 50m
[2026-04-29T13:34:32Z] Last finished: ricochet-robots/instance-07.pddl/lama | Completed: 118/300 (39.3%) | Est. remaining: 2h 49m
[2026-04-29T13:35:32Z] Last finished: snake/instance-09.pddl/madagascar | Completed: 119/300 (39.7%) | Est. remaining: 2h 48m
[2026-04-29T13:36:32Z] Last finished: ricochet-robots/instance-17.pddl/bfws | Completed: 121/300 (40.3%) | Est. remaining: 2h 45m
[2026-04-29T13:37:32Z] Last finished: snake/instance-08.pddl/decstar | Completed: 122/300 (40.7%) | Est. remaining: 2h 44m
[2026-04-29T13:38:32Z] Last finished: snake/instance-08.pddl/decstar | Completed: 122/300 (40.7%) | Est. remaining: 2h 46m
[2026-04-29T13:39:32Z] Last finished: snake/instance-08.pddl/decstar | Completed: 122/300 (40.7%) | Est. remaining: 2h 47m
[2026-04-29T13:40:32Z] Last finished: ricochet-robots/instance-08.pddl/lama | Completed: 123/300 (41.0%) | Est. remaining: 2h 46m
[2026-04-29T13:41:32Z] Last finished: snake/instance-12.pddl/madagascar | Completed: 124/300 (41.3%) | Est. remaining: 2h 46m
[2026-04-29T13:42:32Z] Last finished: ricochet-robots/instance-18.pddl/bfws | Completed: 125/300 (41.7%) | Est. remaining: 2h 45m
[2026-04-29T13:43:32Z] Last finished: snake/instance-09.pddl/decstar | Completed: 126/300 (42.0%) | Est. remaining: 2h 44m
[2026-04-29T13:44:32Z] Last finished: snake/instance-09.pddl/decstar | Completed: 126/300 (42.0%) | Est. remaining: 2h 45m
[2026-04-29T13:45:32Z] Last finished: snake/instance-09.pddl/decstar | Completed: 126/300 (42.0%) | Est. remaining: 2h 47m
[2026-04-29T13:46:32Z] Last finished: ricochet-robots/instance-09.pddl/lama | Completed: 127/300 (42.3%) | Est. remaining: 2h 46m
[2026-04-29T13:47:32Z] Last finished: snake/instance-13.pddl/madagascar | Completed: 128/300 (42.7%) | Est. remaining: 2h 45m
[2026-04-29T13:48:32Z] Last finished: depots/instance-09.pddl/bfws | Completed: 136/300 (45.3%) | Est. remaining: 2h 29m
[2026-04-29T13:49:32Z] Last finished: snake/instance-11.pddl/decstar | Completed: 145/300 (48.3%) | Est. remaining: 2h 13m
[2026-04-29T13:50:32Z] Last finished: barman/instance-02.pddl/bfws | Completed: 147/300 (49.0%) | Est. remaining: 2h 11m
[2026-04-29T13:51:32Z] Last finished: barman/instance-03.pddl/bfws | Completed: 148/300 (49.3%) | Est. remaining: 2h 10m
[2026-04-29T13:52:32Z] Last finished: barman/instance-04.pddl/bfws | Completed: 150/300 (50.0%) | Est. remaining: 2h 8m
[2026-04-29T13:53:32Z] Last finished: barman/instance-07.pddl/bfws | Completed: 152/300 (50.7%) | Est. remaining: 2h 5m
[2026-04-29T13:54:32Z] Last finished: barman/instance-08.pddl/bfws | Completed: 153/300 (51.0%) | Est. remaining: 2h 4m
[2026-04-29T13:55:33Z] Last finished: snake/instance-12.pddl/decstar | Completed: 155/300 (51.7%) | Est. remaining: 2h 2m
[2026-04-29T13:56:32Z] Last finished: barman/instance-12.pddl/bfws | Completed: 157/300 (52.3%) | Est. remaining: 2h 0m
[2026-04-29T13:57:32Z] Last finished: barman/instance-12.pddl/bfws | Completed: 157/300 (52.3%) | Est. remaining: 2h 1m
[2026-04-29T13:58:33Z] Last finished: ricochet-robots/instance-12.pddl/lama | Completed: 158/300 (52.7%) | Est. remaining: 2h 0m
[2026-04-29T13:59:32Z] Last finished: barman/instance-14.pddl/bfws | Completed: 162/300 (54.0%) | Est. remaining: 1h 55m
[2026-04-29T14:00:32Z] Last finished: barman/instance-17.pddl/bfws | Completed: 164/300 (54.7%) | Est. remaining: 1h 52m
[2026-04-29T14:01:32Z] Last finished: snake/instance-13.pddl/decstar | Completed: 166/300 (55.3%) | Est. remaining: 1h 50m
[2026-04-29T14:02:32Z] Last finished: barman/instance-19.pddl/bfws | Completed: 167/300 (55.7%) | Est. remaining: 1h 49m
[2026-04-29T14:03:32Z] Last finished: barman/instance-19.pddl/bfws | Completed: 167/300 (55.7%) | Est. remaining: 1h 50m
[2026-04-29T14:04:32Z] Last finished: barman/instance-19.pddl/bfws | Completed: 167/300 (55.7%) | Est. remaining: 1h 51m
[2026-04-29T14:05:33Z] Last finished: snake/instance-17.pddl/madagascar | Completed: 169/300 (56.3%) | Est. remaining: 1h 49m
[2026-04-29T14:06:33Z] Last finished: snake/instance-17.pddl/madagascar | Completed: 169/300 (56.3%) | Est. remaining: 1h 50m
[2026-04-29T14:07:33Z] Last finished: snake/instance-14.pddl/decstar | Completed: 170/300 (56.7%) | Est. remaining: 1h 49m
[2026-04-29T14:08:33Z] Last finished: snake/instance-14.pddl/decstar | Completed: 170/300 (56.7%) | Est. remaining: 1h 50m
[2026-04-29T14:09:33Z] Last finished: snake/instance-14.pddl/decstar | Completed: 170/300 (56.7%) | Est. remaining: 1h 50m
[2026-04-29T14:10:33Z] Last finished: snake/instance-14.pddl/decstar | Completed: 170/300 (56.7%) | Est. remaining: 1h 51m
[2026-04-29T14:11:33Z] Last finished: snake/instance-18.pddl/madagascar | Completed: 172/300 (57.3%) | Est. remaining: 1h 49m
[2026-04-29T14:12:33Z] Last finished: snake/instance-18.pddl/madagascar | Completed: 172/300 (57.3%) | Est. remaining: 1h 50m
[2026-04-29T14:13:33Z] Last finished: snake/instance-16.pddl/decstar | Completed: 173/300 (57.7%) | Est. remaining: 1h 49m
[2026-04-29T14:14:33Z] Last finished: snake/instance-16.pddl/decstar | Completed: 173/300 (57.7%) | Est. remaining: 1h 50m
[2026-04-29T14:15:33Z] Last finished: snake/instance-16.pddl/decstar | Completed: 173/300 (57.7%) | Est. remaining: 1h 50m
[2026-04-29T14:16:33Z] Last finished: snake/instance-16.pddl/decstar | Completed: 173/300 (57.7%) | Est. remaining: 1h 51m
[2026-04-29T14:17:33Z] Last finished: snake/instance-19.pddl/madagascar | Completed: 175/300 (58.3%) | Est. remaining: 1h 49m
[2026-04-29T14:18:33Z] Last finished: snake/instance-19.pddl/madagascar | Completed: 175/300 (58.3%) | Est. remaining: 1h 50m
[2026-04-29T14:19:33Z] Last finished: snake/instance-17.pddl/decstar | Completed: 176/300 (58.7%) | Est. remaining: 1h 49m
[2026-04-29T14:20:33Z] Last finished: snake/instance-17.pddl/decstar | Completed: 176/300 (58.7%) | Est. remaining: 1h 49m
[2026-04-29T14:21:33Z] Last finished: snake/instance-17.pddl/decstar | Completed: 176/300 (58.7%) | Est. remaining: 1h 50m
[2026-04-29T14:22:33Z] Last finished: snake/instance-17.pddl/decstar | Completed: 176/300 (58.7%) | Est. remaining: 1h 51m
[2026-04-29T14:23:33Z] Last finished: ricochet-robots/instance-01.pddl/madagascar | Completed: 178/300 (59.3%) | Est. remaining: 1h 48m
[2026-04-29T14:24:33Z] Last finished: ricochet-robots/instance-01.pddl/madagascar | Completed: 178/300 (59.3%) | Est. remaining: 1h 49m
[2026-04-29T14:25:33Z] Last finished: snake/instance-18.pddl/decstar | Completed: 179/300 (59.7%) | Est. remaining: 1h 48m
[2026-04-29T14:26:33Z] Last finished: snake/instance-18.pddl/decstar | Completed: 179/300 (59.7%) | Est. remaining: 1h 49m
[2026-04-29T14:27:33Z] Last finished: snake/instance-18.pddl/decstar | Completed: 179/300 (59.7%) | Est. remaining: 1h 50m
[2026-04-29T14:28:33Z] Last finished: snake/instance-18.pddl/decstar | Completed: 179/300 (59.7%) | Est. remaining: 1h 50m
[2026-04-29T14:29:33Z] Last finished: barman/instance-03.pddl/lama | Completed: 199/300 (66.3%) | Est. remaining: 1h 23m
[2026-04-29T14:30:33Z] Last finished: barman/instance-19.pddl/lama | Completed: 211/300 (70.3%) | Est. remaining: 1h 10m
[2026-04-29T14:31:33Z] Last finished: snake/instance-19.pddl/decstar | Completed: 212/300 (70.7%) | Est. remaining: 1h 9m
[2026-04-29T14:32:33Z] Last finished: snake/instance-19.pddl/decstar | Completed: 212/300 (70.7%) | Est. remaining: 1h 9m
[2026-04-29T14:33:33Z] Last finished: snake/instance-19.pddl/decstar | Completed: 212/300 (70.7%) | Est. remaining: 1h 10m
[2026-04-29T14:34:33Z] Last finished: snake/instance-19.pddl/decstar | Completed: 212/300 (70.7%) | Est. remaining: 1h 10m
[2026-04-29T14:35:33Z] Last finished: ricochet-robots/instance-03.pddl/madagascar | Completed: 213/300 (71.0%) | Est. remaining: 1h 9m
[2026-04-29T14:36:33Z] Last finished: ricochet-robots/instance-03.pddl/madagascar | Completed: 213/300 (71.0%) | Est. remaining: 1h 10m
[2026-04-29T14:37:33Z] Last finished: ricochet-robots/instance-01.pddl/decstar | Completed: 214/300 (71.3%) | Est. remaining: 1h 9m
[2026-04-29T14:38:33Z] Last finished: ricochet-robots/instance-01.pddl/decstar | Completed: 214/300 (71.3%) | Est. remaining: 1h 9m
[2026-04-29T14:39:33Z] Last finished: ricochet-robots/instance-01.pddl/decstar | Completed: 214/300 (71.3%) | Est. remaining: 1h 10m
[2026-04-29T14:40:33Z] Last finished: ricochet-robots/instance-01.pddl/decstar | Completed: 214/300 (71.3%) | Est. remaining: 1h 10m
[2026-04-29T14:41:33Z] Last finished: ricochet-robots/instance-03.pddl/decstar | Completed: 217/300 (72.3%) | Est. remaining: 1h 7m
[2026-04-29T14:42:33Z] Last finished: ricochet-robots/instance-03.pddl/decstar | Completed: 217/300 (72.3%) | Est. remaining: 1h 8m
[2026-04-29T14:43:33Z] Last finished: ricochet-robots/instance-03.pddl/decstar | Completed: 217/300 (72.3%) | Est. remaining: 1h 8m
[2026-04-29T14:44:33Z] Last finished: ricochet-robots/instance-03.pddl/decstar | Completed: 217/300 (72.3%) | Est. remaining: 1h 8m
[2026-04-29T14:45:33Z] Last finished: ricochet-robots/instance-03.pddl/decstar | Completed: 217/300 (72.3%) | Est. remaining: 1h 9m
[2026-04-29T14:46:33Z] Last finished: ricochet-robots/instance-03.pddl/decstar | Completed: 217/300 (72.3%) | Est. remaining: 1h 9m
[2026-04-29T14:47:33Z] Last finished: ricochet-robots/instance-07.pddl/madagascar | Completed: 219/300 (73.0%) | Est. remaining: 1h 7m
[2026-04-29T14:48:33Z] Last finished: ricochet-robots/instance-07.pddl/decstar | Completed: 220/300 (73.3%) | Est. remaining: 1h 6m
[2026-04-29T14:49:33Z] Last finished: ricochet-robots/instance-07.pddl/decstar | Completed: 220/300 (73.3%) | Est. remaining: 1h 7m
[2026-04-29T14:50:33Z] Last finished: ricochet-robots/instance-07.pddl/decstar | Completed: 220/300 (73.3%) | Est. remaining: 1h 7m
[2026-04-29T14:51:33Z] Last finished: ricochet-robots/instance-07.pddl/decstar | Completed: 220/300 (73.3%) | Est. remaining: 1h 8m
[2026-04-29T14:52:33Z] Last finished: ricochet-robots/instance-07.pddl/decstar | Completed: 220/300 (73.3%) | Est. remaining: 1h 8m
[2026-04-29T14:53:33Z] Last finished: ricochet-robots/instance-08.pddl/madagascar | Completed: 221/300 (73.7%) | Est. remaining: 1h 7m
[2026-04-29T14:54:33Z] Last finished: ricochet-robots/instance-09.pddl/decstar | Completed: 223/300 (74.3%) | Est. remaining: 1h 5m
[2026-04-29T14:55:33Z] Last finished: ricochet-robots/instance-09.pddl/decstar | Completed: 223/300 (74.3%) | Est. remaining: 1h 5m
[2026-04-29T14:56:33Z] Last finished: ricochet-robots/instance-09.pddl/decstar | Completed: 223/300 (74.3%) | Est. remaining: 1h 6m
[2026-04-29T14:57:33Z] Last finished: ricochet-robots/instance-09.pddl/decstar | Completed: 223/300 (74.3%) | Est. remaining: 1h 6m
[2026-04-29T14:58:33Z] Last finished: ricochet-robots/instance-09.pddl/decstar | Completed: 223/300 (74.3%) | Est. remaining: 1h 6m
[2026-04-29T14:59:33Z] Last finished: ricochet-robots/instance-09.pddl/madagascar | Completed: 224/300 (74.7%) | Est. remaining: 1h 6m
[2026-04-29T15:00:33Z] Last finished: ricochet-robots/instance-11.pddl/decstar | Completed: 225/300 (75.0%) | Est. remaining: 1h 5m
[2026-04-29T15:01:33Z] Last finished: ricochet-robots/instance-11.pddl/decstar | Completed: 225/300 (75.0%) | Est. remaining: 1h 5m
[2026-04-29T15:02:33Z] Last finished: ricochet-robots/instance-11.pddl/decstar | Completed: 225/300 (75.0%) | Est. remaining: 1h 6m
[2026-04-29T15:03:33Z] Last finished: ricochet-robots/instance-11.pddl/decstar | Completed: 225/300 (75.0%) | Est. remaining: 1h 6m
[2026-04-29T15:04:33Z] Last finished: ricochet-robots/instance-11.pddl/decstar | Completed: 225/300 (75.0%) | Est. remaining: 1h 6m
[2026-04-29T15:05:33Z] Last finished: ricochet-robots/instance-11.pddl/madagascar | Completed: 226/300 (75.3%) | Est. remaining: 1h 5m
[2026-04-29T15:06:33Z] Last finished: ricochet-robots/instance-12.pddl/decstar | Completed: 227/300 (75.7%) | Est. remaining: 1h 4m
[2026-04-29T15:07:33Z] Last finished: ricochet-robots/instance-13.pddl/decstar | Completed: 228/300 (76.0%) | Est. remaining: 1h 4m
[2026-04-29T15:08:33Z] Last finished: ricochet-robots/instance-13.pddl/decstar | Completed: 228/300 (76.0%) | Est. remaining: 1h 4m
[2026-04-29T15:09:33Z] Last finished: ricochet-robots/instance-13.pddl/decstar | Completed: 228/300 (76.0%) | Est. remaining: 1h 4m
[2026-04-29T15:10:33Z] Last finished: ricochet-robots/instance-13.pddl/decstar | Completed: 228/300 (76.0%) | Est. remaining: 1h 5m
[2026-04-29T15:11:33Z] Last finished: ricochet-robots/instance-12.pddl/madagascar | Completed: 229/300 (76.3%) | Est. remaining: 1h 4m
[2026-04-29T15:12:33Z] Last finished: ricochet-robots/instance-12.pddl/madagascar | Completed: 229/300 (76.3%) | Est. remaining: 1h 4m
[2026-04-29T15:13:33Z] Last finished: ricochet-robots/instance-14.pddl/decstar | Completed: 230/300 (76.7%) | Est. remaining: 1h 3m
[2026-04-29T15:14:33Z] Last finished: ricochet-robots/instance-14.pddl/decstar | Completed: 230/300 (76.7%) | Est. remaining: 1h 3m
[2026-04-29T15:15:33Z] Last finished: ricochet-robots/instance-14.pddl/decstar | Completed: 230/300 (76.7%) | Est. remaining: 1h 4m
[2026-04-29T15:16:33Z] Last finished: ricochet-robots/instance-14.pddl/decstar | Completed: 230/300 (76.7%) | Est. remaining: 1h 4m
[2026-04-29T15:17:33Z] Last finished: ricochet-robots/instance-13.pddl/madagascar | Completed: 231/300 (77.0%) | Est. remaining: 1h 3m
[2026-04-29T15:18:33Z] Last finished: ricochet-robots/instance-13.pddl/madagascar | Completed: 231/300 (77.0%) | Est. remaining: 1h 3m
[2026-04-29T15:19:33Z] Last finished: ricochet-robots/instance-16.pddl/decstar | Completed: 232/300 (77.3%) | Est. remaining: 1h 3m
[2026-04-29T15:20:33Z] Last finished: ricochet-robots/instance-16.pddl/decstar | Completed: 232/300 (77.3%) | Est. remaining: 1h 3m
[2026-04-29T15:21:33Z] Last finished: ricochet-robots/instance-16.pddl/decstar | Completed: 232/300 (77.3%) | Est. remaining: 1h 3m
[2026-04-29T15:22:33Z] Last finished: ricochet-robots/instance-16.pddl/decstar | Completed: 232/300 (77.3%) | Est. remaining: 1h 3m
[2026-04-29T15:23:33Z] Last finished: ricochet-robots/instance-14.pddl/madagascar | Completed: 233/300 (77.7%) | Est. remaining: 1h 2m
[2026-04-29T15:24:33Z] Last finished: ricochet-robots/instance-14.pddl/madagascar | Completed: 233/300 (77.7%) | Est. remaining: 1h 3m
[2026-04-29T15:25:33Z] Last finished: ricochet-robots/instance-17.pddl/decstar | Completed: 234/300 (78.0%) | Est. remaining: 1h 2m
[2026-04-29T15:26:33Z] Last finished: ricochet-robots/instance-17.pddl/decstar | Completed: 234/300 (78.0%) | Est. remaining: 1h 2m
[2026-04-29T15:27:33Z] Last finished: ricochet-robots/instance-17.pddl/decstar | Completed: 234/300 (78.0%) | Est. remaining: 1h 2m
[2026-04-29T15:28:33Z] Last finished: ricochet-robots/instance-17.pddl/decstar | Completed: 234/300 (78.0%) | Est. remaining: 1h 3m
[2026-04-29T15:29:33Z] Last finished: ricochet-robots/instance-16.pddl/madagascar | Completed: 235/300 (78.3%) | Est. remaining: 1h 2m
[2026-04-29T15:30:33Z] Last finished: ricochet-robots/instance-16.pddl/madagascar | Completed: 235/300 (78.3%) | Est. remaining: 1h 2m
[2026-04-29T15:31:33Z] Last finished: ricochet-robots/instance-18.pddl/decstar | Completed: 236/300 (78.7%) | Est. remaining: 1h 1m
[2026-04-29T15:32:33Z] Last finished: ricochet-robots/instance-18.pddl/decstar | Completed: 236/300 (78.7%) | Est. remaining: 1h 1m
[2026-04-29T15:33:33Z] Last finished: ricochet-robots/instance-18.pddl/decstar | Completed: 236/300 (78.7%) | Est. remaining: 1h 2m
[2026-04-29T15:34:33Z] Last finished: ricochet-robots/instance-18.pddl/decstar | Completed: 236/300 (78.7%) | Est. remaining: 1h 2m
[2026-04-29T15:35:33Z] Last finished: ricochet-robots/instance-17.pddl/madagascar | Completed: 237/300 (79.0%) | Est. remaining: 1h 1m
[2026-04-29T15:36:33Z] Last finished: ricochet-robots/instance-17.pddl/madagascar | Completed: 237/300 (79.0%) | Est. remaining: 1h 1m
[2026-04-29T15:37:33Z] Last finished: depots/instance-08.pddl/decstar | Completed: 244/300 (81.3%) | Est. remaining: 0h 53m
[2026-04-29T15:38:33Z] Last finished: depots/instance-11.pddl/decstar | Completed: 246/300 (82.0%) | Est. remaining: 0h 51m
[2026-04-29T15:39:33Z] Last finished: depots/instance-19.pddl/decstar | Completed: 253/300 (84.3%) | Est. remaining: 0h 43m
[2026-04-29T15:40:33Z] Last finished: depots/instance-19.pddl/decstar | Completed: 253/300 (84.3%) | Est. remaining: 0h 43m
[2026-04-29T15:41:33Z] Last finished: ricochet-robots/instance-18.pddl/madagascar | Completed: 254/300 (84.7%) | Est. remaining: 0h 42m
[2026-04-29T15:42:33Z] Last finished: ricochet-robots/instance-18.pddl/madagascar | Completed: 254/300 (84.7%) | Est. remaining: 0h 43m
[2026-04-29T15:43:33Z] Last finished: ricochet-robots/instance-18.pddl/madagascar | Completed: 254/300 (84.7%) | Est. remaining: 0h 43m
[2026-04-29T15:44:33Z] Last finished: ricochet-robots/instance-18.pddl/madagascar | Completed: 254/300 (84.7%) | Est. remaining: 0h 43m
[2026-04-29T15:45:33Z] Last finished: barman/instance-01.pddl/decstar | Completed: 255/300 (85.0%) | Est. remaining: 0h 42m
[2026-04-29T15:46:33Z] Last finished: barman/instance-01.pddl/decstar | Completed: 255/300 (85.0%) | Est. remaining: 0h 42m
[2026-04-29T15:47:33Z] Last finished: depots/instance-19.pddl/madagascar | Completed: 271/300 (90.3%) | Est. remaining: 0h 26m
[2026-04-29T15:48:33Z] Last finished: depots/instance-19.pddl/madagascar | Completed: 271/300 (90.3%) | Est. remaining: 0h 26m
[2026-04-29T15:49:33Z] Last finished: depots/instance-19.pddl/madagascar | Completed: 271/300 (90.3%) | Est. remaining: 0h 26m
[2026-04-29T15:50:33Z] Last finished: depots/instance-19.pddl/madagascar | Completed: 271/300 (90.3%) | Est. remaining: 0h 26m
[2026-04-29T15:51:33Z] Last finished: barman/instance-02.pddl/decstar | Completed: 272/300 (90.7%) | Est. remaining: 0h 25m
[2026-04-29T15:52:33Z] Last finished: barman/instance-02.pddl/decstar | Completed: 272/300 (90.7%) | Est. remaining: 0h 25m
[2026-04-29T15:53:33Z] Last finished: barman/instance-03.pddl/decstar | Completed: 274/300 (91.3%) | Est. remaining: 0h 23m
[2026-04-29T15:54:33Z] Last finished: barman/instance-03.pddl/decstar | Completed: 274/300 (91.3%) | Est. remaining: 0h 23m
[2026-04-29T15:55:33Z] Last finished: barman/instance-03.pddl/decstar | Completed: 274/300 (91.3%) | Est. remaining: 0h 23m
[2026-04-29T15:56:33Z] Last finished: barman/instance-03.pddl/decstar | Completed: 274/300 (91.3%) | Est. remaining: 0h 23m
[2026-04-29T15:57:33Z] Last finished: barman/instance-04.pddl/decstar | Completed: 275/300 (91.7%) | Est. remaining: 0h 23m
[2026-04-29T15:58:33Z] Last finished: barman/instance-04.pddl/decstar | Completed: 275/300 (91.7%) | Est. remaining: 0h 23m
[2026-04-29T15:59:33Z] Last finished: barman/instance-02.pddl/madagascar | Completed: 276/300 (92.0%) | Est. remaining: 0h 22m
[2026-04-29T16:00:33Z] Last finished: barman/instance-02.pddl/madagascar | Completed: 276/300 (92.0%) | Est. remaining: 0h 22m
[2026-04-29T16:01:33Z] Last finished: barman/instance-02.pddl/madagascar | Completed: 276/300 (92.0%) | Est. remaining: 0h 22m
[2026-04-29T16:02:33Z] Last finished: barman/instance-02.pddl/madagascar | Completed: 276/300 (92.0%) | Est. remaining: 0h 22m
[2026-04-29T16:03:33Z] Last finished: barman/instance-07.pddl/decstar | Completed: 277/300 (92.3%) | Est. remaining: 0h 21m
[2026-04-29T16:04:33Z] Last finished: barman/instance-07.pddl/decstar | Completed: 277/300 (92.3%) | Est. remaining: 0h 21m
[2026-04-29T16:05:33Z] Last finished: barman/instance-03.pddl/madagascar | Completed: 278/300 (92.7%) | Est. remaining: 0h 20m
[2026-04-29T16:06:33Z] Last finished: barman/instance-04.pddl/madagascar | Completed: 279/300 (93.0%) | Est. remaining: 0h 19m
[2026-04-29T16:07:33Z] Last finished: barman/instance-04.pddl/madagascar | Completed: 279/300 (93.0%) | Est. remaining: 0h 19m
[2026-04-29T16:08:33Z] Last finished: barman/instance-04.pddl/madagascar | Completed: 279/300 (93.0%) | Est. remaining: 0h 19m
[2026-04-29T16:09:33Z] Last finished: barman/instance-08.pddl/decstar | Completed: 280/300 (93.3%) | Est. remaining: 0h 18m
[2026-04-29T16:10:33Z] Last finished: barman/instance-08.pddl/decstar | Completed: 280/300 (93.3%) | Est. remaining: 0h 19m
[2026-04-29T16:11:33Z] Last finished: barman/instance-08.pddl/decstar | Completed: 280/300 (93.3%) | Est. remaining: 0h 19m
[2026-04-29T16:12:33Z] Last finished: barman/instance-07.pddl/madagascar | Completed: 281/300 (93.7%) | Est. remaining: 0h 18m
[2026-04-29T16:13:33Z] Last finished: barman/instance-07.pddl/madagascar | Completed: 281/300 (93.7%) | Est. remaining: 0h 18m
[2026-04-29T16:14:33Z] Last finished: barman/instance-07.pddl/madagascar | Completed: 281/300 (93.7%) | Est. remaining: 0h 18m
[2026-04-29T16:15:33Z] Last finished: barman/instance-09.pddl/decstar | Completed: 282/300 (94.0%) | Est. remaining: 0h 17m
[2026-04-29T16:16:33Z] Last finished: barman/instance-09.pddl/decstar | Completed: 282/300 (94.0%) | Est. remaining: 0h 17m
[2026-04-29T16:17:33Z] Last finished: barman/instance-09.pddl/decstar | Completed: 282/300 (94.0%) | Est. remaining: 0h 17m
[2026-04-29T16:18:33Z] Last finished: barman/instance-08.pddl/madagascar | Completed: 283/300 (94.3%) | Est. remaining: 0h 16m
[2026-04-29T16:19:33Z] Last finished: barman/instance-09.pddl/madagascar | Completed: 284/300 (94.7%) | Est. remaining: 0h 15m
[2026-04-29T16:20:33Z] Last finished: barman/instance-09.pddl/madagascar | Completed: 284/300 (94.7%) | Est. remaining: 0h 15m
[2026-04-29T16:21:33Z] Last finished: barman/instance-11.pddl/decstar | Completed: 285/300 (95.0%) | Est. remaining: 0h 14m
[2026-04-29T16:22:33Z] Last finished: barman/instance-11.pddl/decstar | Completed: 285/300 (95.0%) | Est. remaining: 0h 14m
[2026-04-29T16:23:33Z] Last finished: barman/instance-11.pddl/decstar | Completed: 285/300 (95.0%) | Est. remaining: 0h 14m
[2026-04-29T16:24:33Z] Last finished: barman/instance-11.pddl/decstar | Completed: 285/300 (95.0%) | Est. remaining: 0h 14m
[2026-04-29T16:25:33Z] Last finished: barman/instance-11.pddl/madagascar | Completed: 286/300 (95.3%) | Est. remaining: 0h 13m
[2026-04-29T16:26:33Z] Last finished: barman/instance-11.pddl/madagascar | Completed: 286/300 (95.3%) | Est. remaining: 0h 13m
[2026-04-29T16:27:33Z] Last finished: barman/instance-12.pddl/decstar | Completed: 287/300 (95.7%) | Est. remaining: 0h 12m
[2026-04-29T16:28:33Z] Last finished: barman/instance-12.pddl/decstar | Completed: 287/300 (95.7%) | Est. remaining: 0h 12m
[2026-04-29T16:29:33Z] Last finished: barman/instance-12.pddl/decstar | Completed: 287/300 (95.7%) | Est. remaining: 0h 12m
[2026-04-29T16:30:33Z] Last finished: barman/instance-12.pddl/decstar | Completed: 287/300 (95.7%) | Est. remaining: 0h 12m
[2026-04-29T16:31:33Z] Last finished: barman/instance-12.pddl/madagascar | Completed: 288/300 (96.0%) | Est. remaining: 0h 11m
[2026-04-29T16:32:33Z] Last finished: barman/instance-12.pddl/madagascar | Completed: 288/300 (96.0%) | Est. remaining: 0h 12m
[2026-04-29T16:33:33Z] Last finished: barman/instance-13.pddl/decstar | Completed: 289/300 (96.3%) | Est. remaining: 0h 11m
[2026-04-29T16:34:33Z] Last finished: barman/instance-14.pddl/decstar | Completed: 290/300 (96.7%) | Est. remaining: 0h 10m
[2026-04-29T16:35:33Z] Last finished: barman/instance-14.pddl/decstar | Completed: 290/300 (96.7%) | Est. remaining: 0h 10m
[2026-04-29T16:36:33Z] Last finished: barman/instance-14.pddl/decstar | Completed: 290/300 (96.7%) | Est. remaining: 0h 10m
[2026-04-29T16:37:33Z] Last finished: barman/instance-13.pddl/madagascar | Completed: 291/300 (97.0%) | Est. remaining: 0h 9m
[2026-04-29T16:38:33Z] Last finished: barman/instance-13.pddl/madagascar | Completed: 291/300 (97.0%) | Est. remaining: 0h 9m
[2026-04-29T16:39:33Z] Last finished: barman/instance-13.pddl/madagascar | Completed: 291/300 (97.0%) | Est. remaining: 0h 9m
[2026-04-29T16:40:33Z] Last finished: barman/instance-17.pddl/decstar | Completed: 293/300 (97.7%) | Est. remaining: 0h 7m
[2026-04-29T16:41:33Z] Last finished: barman/instance-17.pddl/decstar | Completed: 293/300 (97.7%) | Est. remaining: 0h 7m
[2026-04-29T16:42:33Z] Last finished: barman/instance-17.pddl/decstar | Completed: 293/300 (97.7%) | Est. remaining: 0h 7m
[2026-04-29T16:43:33Z] Last finished: barman/instance-14.pddl/madagascar | Completed: 294/300 (98.0%) | Est. remaining: 0h 6m
[2026-04-29T16:44:33Z] Last finished: barman/instance-14.pddl/madagascar | Completed: 294/300 (98.0%) | Est. remaining: 0h 6m
[2026-04-29T16:45:33Z] Last finished: barman/instance-14.pddl/madagascar | Completed: 294/300 (98.0%) | Est. remaining: 0h 6m
[2026-04-29T16:46:33Z] Last finished: barman/instance-18.pddl/decstar | Completed: 295/300 (98.3%) | Est. remaining: 0h 5m
[2026-04-29T16:47:33Z] Last finished: barman/instance-18.pddl/decstar | Completed: 295/300 (98.3%) | Est. remaining: 0h 5m
[2026-04-29T16:48:33Z] Last finished: barman/instance-18.pddl/decstar | Completed: 295/300 (98.3%) | Est. remaining: 0h 5m
[2026-04-29T16:49:33Z] Last finished: barman/instance-16.pddl/madagascar | Completed: 296/300 (98.7%) | Est. remaining: 0h 4m
[2026-04-29T16:50:33Z] Last finished: barman/instance-17.pddl/madagascar | Completed: 297/300 (99.0%) | Est. remaining: 0h 3m
[2026-04-29T16:51:33Z] Last finished: barman/instance-17.pddl/madagascar | Completed: 297/300 (99.0%) | Est. remaining: 0h 3m
[2026-04-29T16:52:33Z] Last finished: barman/instance-19.pddl/decstar | Completed: 298/300 (99.3%) | Est. remaining: 0h 2m
[2026-04-29T16:53:33Z] Last finished: barman/instance-18.pddl/madagascar | Completed: 299/300 (99.7%) | Est. remaining: 0h 1m
[2026-04-29T16:54:33Z] Last finished: barman/instance-18.pddl/madagascar | Completed: 299/300 (99.7%) | Est. remaining: 0h 1m
[2026-04-29T16:55:33Z] Last finished: barman/instance-18.pddl/madagascar | Completed: 299/300 (99.7%) | Est. remaining: 0h 1m
[2026-04-29T16:56:33Z] Last finished: barman/instance-18.pddl/madagascar | Completed: 299/300 (99.7%) | Est. remaining: 0h 1m
[2026-04-29T16:57:33Z] Last finished: barman/instance-18.pddl/madagascar | Completed: 299/300 (99.7%) | Est. remaining: 0h 1m
[2026-04-29T16:58:33Z] Last finished: barman/instance-18.pddl/madagascar | Completed: 299/300 (99.7%) | Est. remaining: 0h 1m
